Conflict in state 103 between rule 50 and token or_keyword resolved as reduce.
Conflict in state 103 between rule 50 and token and_keyword resolved as shift.
Conflict in state 104 between rule 49 and token or_keyword resolved as reduce.
Conflict in state 104 between rule 49 and token and_keyword resolved as reduce.
Conflict in state 108 between rule 53 and token '+' resolved as reduce.
Conflict in state 108 between rule 53 and token '-' resolved as reduce.
Conflict in state 108 between rule 53 and token '*' resolved as shift.
Conflict in state 108 between rule 53 and token '/' resolved as shift.
Conflict in state 109 between rule 54 and token '+' resolved as reduce.
Conflict in state 109 between rule 54 and token '-' resolved as reduce.
Conflict in state 109 between rule 54 and token '*' resolved as shift.
Conflict in state 109 between rule 54 and token '/' resolved as shift.
Conflict in state 110 between rule 55 and token '+' resolved as reduce.
Conflict in state 110 between rule 55 and token '-' resolved as reduce.
Conflict in state 110 between rule 55 and token '*' resolved as reduce.
Conflict in state 110 between rule 55 and token '/' resolved as reduce.
Conflict in state 111 between rule 56 and token '+' resolved as reduce.
Conflict in state 111 between rule 56 and token '-' resolved as reduce.
Conflict in state 111 between rule 56 and token '*' resolved as reduce.
Conflict in state 111 between rule 56 and token '/' resolved as reduce.


Terminals which are not used:

   Resource_type
   permanent
   Parameters
   integer
   real
   temporary
   such_as
   dblpoint
   Resources
   trace_keyword
   no_trace
   Constant
   Body
   Function_keyword
   Type_keyword
   algorithmic
   table_keyword
   list_keyword
   Calculate_if
   Sequence
   uniform
   exponential
   normal_keyword
   by_hist
   enumerative
   Pattern
   operation
   irregular_event
   rule_keyword
   keyboard
   Relevant_resources
   Keep
   Create_keyword
   Erase
   NonExist
   IDENTIF_NoChange
   Time
   Choice
   from_keyword
   first_keyword
   Convert_begin
   Convert_end
   Convert_rule
   Convert_event
   with_max
   with_min
   IDENTIF_set
   IDENTIF_NoChange_NoChange
   Operations
   Results
   watch_par
   watch_state
   watch_quant
   watch_value
   get_value
   Model_name
   Resource_file
   OprIev_file
   Frame_file
   Statistic_file
   Results_file
   Trace_file
   Show_mode
   Frame_number
   Show_rate
   Run_StartTime
   Trace_StartTime
   Trace_EndTime
   Terminate_if
   Break_point
   Seed
   NoShow
   Monitor
   Animation
   NoChange
   Decision_point
   search_keyword
   trace_stat
   trace_tops
   trace_all
   Condition_keyword
   Term_condition
   Evaluate_by
   Compare_tops
   NO
   YES
   Activities
   value_before
   value_after
   some
   frm_cell


State 39 contains 1 shift/reduce conflict.


Grammar

  Number, Line, Rule
    1 158 frm_main -> /* empty */
    2 159 frm_main -> frm_main frm_end
    3 164 frm_begin -> Frame IDENTIF
    4 165 frm_begin -> Frame IDENTIF Show_if frm_logic
    5 167 frm_background -> frm_begin Back_picture '='
    6 168 frm_background -> frm_begin Back_picture '=' '<' INT_CONST INT_CONST INT_CONST '>'
    7 170 frm_backpicture -> frm_background INT_CONST INT_CONST
    8 171 frm_backpicture -> frm_background IDENTIF
    9 173 frm_pre_show -> frm_backpicture
   10 174 frm_pre_show -> frm_item
   11 176 frm_show -> frm_pre_show Show
   12 177 frm_show -> frm_pre_show Show_if frm_logic
   13 179 frm_item -> frm_show
   14 180 frm_item -> frm_item frm_text
   15 181 frm_item -> frm_item frm_bitmap
   16 182 frm_item -> frm_item frm_rect
   17 183 frm_item -> frm_item frm_line
   18 184 frm_item -> frm_item frm_ellipse
   19 185 frm_item -> frm_item frm_r_rect
   20 186 frm_item -> frm_item frm_triang
   21 187 frm_item -> frm_item frm_s_bmp
   22 188 frm_item -> frm_item frm_active
   23 190 frm_end -> frm_item End
   24 194 frm_text_common -> text '[' frm_arithm ',' frm_arithm ',' frm_arithm ',' frm_arithm ',' frm_color ',' frm_color ','
   25 196 frm_text -> frm_text_common frm_align frm_arithm ']'
   26 197 frm_text -> frm_text_common frm_align QUOTED_IDENTIF ']'
   27 199 frm_align -> /* empty */
   28 200 frm_align -> '<'
   29 201 frm_align -> '='
   30 202 frm_align -> '>'
   31 204 frm_color -> transparent
   32 205 frm_color -> '<' INT_CONST INT_CONST INT_CONST '>'
   33 207 frm_bitmap -> bitmap '[' frm_arithm ',' frm_arithm ',' IDENTIF ']'
   34 208 frm_bitmap -> bitmap '[' frm_arithm ',' frm_arithm ',' IDENTIF ',' IDENTIF ']'
   35 210 frm_s_bmp -> s_bmp '[' frm_arithm ',' frm_arithm ',' frm_arithm ',' frm_arithm ',' IDENTIF ']'
   36 211 frm_s_bmp -> s_bmp '[' frm_arithm ',' frm_arithm ',' frm_arithm ',' frm_arithm ',' IDENTIF ',' IDENTIF ']'
   37 213 frm_rect -> rect_keyword '[' frm_arithm ',' frm_arithm ',' frm_arithm ',' frm_arithm ',' frm_color ',' frm_color ']'
   38 215 frm_r_rect -> r_rect '[' frm_arithm ',' frm_arithm ',' frm_arithm ',' frm_arithm ',' frm_color ',' frm_color ']'
   39 217 frm_line -> line '[' frm_arithm ',' frm_arithm ',' frm_arithm ',' frm_arithm ',' frm_color ']'
   40 219 frm_ellipse -> ellipse '[' frm_arithm ',' frm_arithm ',' frm_arithm ',' frm_arithm ',' frm_color ',' frm_color ']'
   41 221 frm_triang -> triang '[' frm_arithm ',' frm_arithm ',' frm_arithm ',' frm_arithm ',' frm_arithm ',' frm_arithm ',' frm_color ',' frm_color ']'
   42 223 frm_active -> active IDENTIF '[' frm_arithm ',' frm_arithm ',' frm_arithm ',' frm_arithm ']'
   43 228 frm_logic -> frm_arithm '=' frm_arithm
   44 229 frm_logic -> frm_arithm neq frm_arithm
   45 230 frm_logic -> frm_arithm '<' frm_arithm
   46 231 frm_logic -> frm_arithm '>' frm_arithm
   47 232 frm_logic -> frm_arithm leq frm_arithm
   48 233 frm_logic -> frm_arithm geq frm_arithm
   49 234 frm_logic -> frm_logic and_keyword frm_logic
   50 235 frm_logic -> frm_logic or_keyword frm_logic
   51 236 frm_logic -> '[' frm_logic ']'
   52 237 frm_logic -> fun_group
   53 240 frm_arithm -> frm_arithm '+' frm_arithm
   54 241 frm_arithm -> frm_arithm '-' frm_arithm
   55 242 frm_arithm -> frm_arithm '*' frm_arithm
   56 243 frm_arithm -> frm_arithm '/' frm_arithm
   57 244 frm_arithm -> '(' frm_arithm ')'
   58 245 frm_arithm -> IDENTIF '(' frm_arithm_func_call_pars ')'
   59 246 frm_arithm -> IDENTIF '.' IDENTIF
   60 247 frm_arithm -> INT_CONST
   61 248 frm_arithm -> REAL_CONST
   62 249 frm_arithm -> IDENTIF
   63 251 frm_arithm_func_call_pars -> /* empty */
   64 252 frm_arithm_func_call_pars -> frm_arithm_func_call_pars frm_arithm
   65 253 frm_arithm_func_call_pars -> frm_arithm_func_call_pars ',' frm_arithm
   66 256 fun_group_keyword -> Exist
   67 257 fun_group_keyword -> Not_Exist
   68 258 fun_group_keyword -> For_All
   69 259 fun_group_keyword -> Not_For_All
   70 261 fun_group_header -> fun_group_keyword '(' IDENTIF_COLON
   71 263 fun_group -> fun_group_header frm_logic ')'
   72 264 fun_group -> fun_group_header NoCheck ')'


Terminals, with rules where they appear

$ (-1)
'(' (40) 57 58 70
')' (41) 57 58 71 72
'*' (42) 55
'+' (43) 53
',' (44) 24 33 34 35 36 37 38 39 40 41 42 65
'-' (45) 54
'.' (46) 59
'/' (47) 56
'<' (60) 6 28 32 45
'=' (61) 5 6 29 43
'>' (62) 6 30 32 46
'[' (91) 24 33 34 35 36 37 38 39 40 41 42 51
']' (93) 25 26 33 34 35 36 37 38 39 40 41 42 51
error (256)
Resource_type (257)
permanent (258)
Parameters (259)
integer (260)
real (261)
End (262) 23
temporary (263)
IDENTIF (264) 3 4 8 33 34 35 36 42 58 59 62
INT_CONST (265) 6 7 32 60
REAL_CONST (266) 61
such_as (267)
dblpoint (268)
Resources (269)
trace_keyword (270)
no_trace (271)
IDENTIF_COLON (272) 70
Constant (273)
Body (274)
Function_keyword (275)
Type_keyword (276)
algorithmic (277)
table_keyword (278)
list_keyword (279)
Exist (281) 66
Not_Exist (282) 67
For_All (283) 68
Not_For_All (284) 69
neq (285) 44
leq (286) 47
geq (287) 48
NoCheck (288) 72
Calculate_if (289)
or_keyword (290) 50
and_keyword (291) 49
Sequence (292)
uniform (293)
exponential (294)
normal_keyword (295)
by_hist (296)
enumerative (297)
Pattern (298)
operation (299)
irregular_event (300)
rule_keyword (301)
keyboard (302)
Relevant_resources (303)
Keep (304)
Create_keyword (305)
Erase (306)
NonExist (307)
IDENTIF_NoChange (308)
Time (309)
Choice (310)
from_keyword (311)
first_keyword (312)
Convert_begin (313)
Convert_end (314)
Convert_rule (315)
Convert_event (316)
with_max (317)
with_min (318)
IDENTIF_set (319)
IDENTIF_NoChange_NoChange (320)
Operations (321)
Results (322)
watch_par (323)
watch_state (324)
watch_quant (325)
watch_value (326)
get_value (327)
Model_name (328)
Resource_file (329)
OprIev_file (330)
Frame_file (331)
Statistic_file (332)
Results_file (333)
Trace_file (334)
Show_mode (335)
Frame_number (336)
Show_rate (337)
Run_StartTime (338)
Trace_StartTime (339)
Trace_EndTime (340)
Terminate_if (341)
Break_point (342)
Seed (343)
NoShow (344)
Monitor (345)
Animation (346)
NoChange (347)
Decision_point (348)
search_keyword (349)
trace_stat (350)
trace_tops (351)
trace_all (352)
Condition_keyword (353)
Term_condition (354)
Evaluate_by (355)
Compare_tops (356)
NO (357)
YES (358)
Activities (359)
value_before (360)
value_after (361)
some (362)
Frame (400) 3 4
Show_if (401) 4 12
Back_picture (402) 5 6
Show (403) 11
frm_cell (404)
text (405) 24
transparent (406) 31
bitmap (407) 33 34
s_bmp (408) 35 36
rect_keyword (409) 37
r_rect (410) 38
line (411) 39
ellipse (412) 40
triang (413) 41
active (414) 42
QUOTED_IDENTIF (415) 26


Nonterminals, with rules where they appear

frm_main (137)
    on left: 1 2, on right: 2
frm_begin (138)
    on left: 3 4, on right: 5 6
frm_background (139)
    on left: 5 6, on right: 7 8
frm_backpicture (140)
    on left: 7 8, on right: 9
frm_pre_show (141)
    on left: 9 10, on right: 11 12
frm_show (142)
    on left: 11 12, on right: 13
frm_item (143)
    on left: 13 14 15 16 17 18 19 20 21 22, on right: 10 14 15 16 17
    18 19 20 21 22 23
frm_end (144)
    on left: 23, on right: 2
frm_text_common (145)
    on left: 24, on right: 25 26
frm_text (146)
    on left: 25 26, on right: 14
frm_align (147)
    on left: 27 28 29 30, on right: 25 26
frm_color (148)
    on left: 31 32, on right: 24 37 38 39 40 41
frm_bitmap (149)
    on left: 33 34, on right: 15
frm_s_bmp (150)
    on left: 35 36, on right: 21
frm_rect (151)
    on left: 37, on right: 16
frm_r_rect (152)
    on left: 38, on right: 19
frm_line (153)
    on left: 39, on right: 17
frm_ellipse (154)
    on left: 40, on right: 18
frm_triang (155)
    on left: 41, on right: 20
frm_active (156)
    on left: 42, on right: 22
frm_logic (157)
    on left: 43 44 45 46 47 48 49 50 51 52, on right: 4 12 49 50 51
    71
frm_arithm (158)
    on left: 53 54 55 56 57 58 59 60 61 62, on right: 24 25 33 34 35
    36 37 38 39 40 41 42 43 44 45 46 47 48 53 54 55 56 57 64 65
frm_arithm_func_call_pars (159)
    on left: 63 64 65, on right: 58 64 65
fun_group_keyword (160)
    on left: 66 67 68 69, on right: 70
fun_group_header (161)
    on left: 70, on right: 71 72
fun_group (162)
    on left: 71 72, on right: 52


state 0

    $default	reduce using rule 1 (frm_main)

    frm_main	go to state 1



state 1

    frm_main  ->  frm_main . frm_end   (rule 2)

    $   	go to state 229
    Frame	shift, and go to state 2

    frm_begin	go to state 3
    frm_background	go to state 4
    frm_backpicture	go to state 5
    frm_pre_show	go to state 6
    frm_show	go to state 7
    frm_item	go to state 8
    frm_end	go to state 9



state 2

    frm_begin  ->  Frame . IDENTIF   (rule 3)
    frm_begin  ->  Frame . IDENTIF Show_if frm_logic   (rule 4)

    IDENTIF	shift, and go to state 10



state 3

    frm_background  ->  frm_begin . Back_picture '='   (rule 5)
    frm_background  ->  frm_begin . Back_picture '=' '<' INT_CONST INT_CONST INT_CONST '>'   (rule 6)

    Back_picture	shift, and go to state 11



state 4

    frm_backpicture  ->  frm_background . INT_CONST INT_CONST   (rule 7)
    frm_backpicture  ->  frm_background . IDENTIF   (rule 8)

    IDENTIF	shift, and go to state 12
    INT_CONST	shift, and go to state 13



state 5

    frm_pre_show  ->  frm_backpicture .   (rule 9)

    $default	reduce using rule 9 (frm_pre_show)



state 6

    frm_show  ->  frm_pre_show . Show   (rule 11)
    frm_show  ->  frm_pre_show . Show_if frm_logic   (rule 12)

    Show_if	shift, and go to state 14
    Show	shift, and go to state 15



state 7

    frm_item  ->  frm_show .   (rule 13)

    $default	reduce using rule 13 (frm_item)



state 8

    frm_pre_show  ->  frm_item .   (rule 10)
    frm_item  ->  frm_item . frm_text   (rule 14)
    frm_item  ->  frm_item . frm_bitmap   (rule 15)
    frm_item  ->  frm_item . frm_rect   (rule 16)
    frm_item  ->  frm_item . frm_line   (rule 17)
    frm_item  ->  frm_item . frm_ellipse   (rule 18)
    frm_item  ->  frm_item . frm_r_rect   (rule 19)
    frm_item  ->  frm_item . frm_triang   (rule 20)
    frm_item  ->  frm_item . frm_s_bmp   (rule 21)
    frm_item  ->  frm_item . frm_active   (rule 22)
    frm_end  ->  frm_item . End   (rule 23)

    End 	shift, and go to state 16
    text	shift, and go to state 17
    bitmap	shift, and go to state 18
    s_bmp	shift, and go to state 19
    rect_keyword	shift, and go to state 20
    r_rect	shift, and go to state 21
    line	shift, and go to state 22
    ellipse	shift, and go to state 23
    triang	shift, and go to state 24
    active	shift, and go to state 25

    $default	reduce using rule 10 (frm_pre_show)

    frm_text_common	go to state 26
    frm_text	go to state 27
    frm_bitmap	go to state 28
    frm_s_bmp	go to state 29
    frm_rect	go to state 30
    frm_r_rect	go to state 31
    frm_line	go to state 32
    frm_ellipse	go to state 33
    frm_triang	go to state 34
    frm_active	go to state 35



state 9

    frm_main  ->  frm_main frm_end .   (rule 2)

    $default	reduce using rule 2 (frm_main)



state 10

    frm_begin  ->  Frame IDENTIF .   (rule 3)
    frm_begin  ->  Frame IDENTIF . Show_if frm_logic   (rule 4)

    Show_if	shift, and go to state 36

    $default	reduce using rule 3 (frm_begin)



state 11

    frm_background  ->  frm_begin Back_picture . '='   (rule 5)
    frm_background  ->  frm_begin Back_picture . '=' '<' INT_CONST INT_CONST INT_CONST '>'   (rule 6)

    '=' 	shift, and go to state 37



state 12

    frm_backpicture  ->  frm_background IDENTIF .   (rule 8)

    $default	reduce using rule 8 (frm_backpicture)



state 13

    frm_backpicture  ->  frm_background INT_CONST . INT_CONST   (rule 7)

    INT_CONST	shift, and go to state 38



state 14

    frm_show  ->  frm_pre_show Show_if . frm_logic   (rule 12)

    IDENTIF	shift, and go to state 39
    INT_CONST	shift, and go to state 40
    REAL_CONST	shift, and go to state 41
    Exist	shift, and go to state 42
    Not_Exist	shift, and go to state 43
    For_All	shift, and go to state 44
    Not_For_All	shift, and go to state 45
    '[' 	shift, and go to state 46
    '(' 	shift, and go to state 47

    frm_logic	go to state 48
    frm_arithm	go to state 49
    fun_group_keyword	go to state 50
    fun_group_header	go to state 51
    fun_group	go to state 52



state 15

    frm_show  ->  frm_pre_show Show .   (rule 11)

    $default	reduce using rule 11 (frm_show)



state 16

    frm_end  ->  frm_item End .   (rule 23)

    $default	reduce using rule 23 (frm_end)



state 17

    frm_text_common  ->  text . '[' frm_arithm ',' frm_arithm ',' frm_arithm ',' frm_arithm ',' frm_color ',' frm_color ','   (rule 24)

    '[' 	shift, and go to state 53



state 18

    frm_bitmap  ->  bitmap . '[' frm_arithm ',' frm_arithm ',' IDENTIF ']'   (rule 33)
    frm_bitmap  ->  bitmap . '[' frm_arithm ',' frm_arithm ',' IDENTIF ',' IDENTIF ']'   (rule 34)

    '[' 	shift, and go to state 54



state 19

    frm_s_bmp  ->  s_bmp . '[' frm_arithm ',' frm_arithm ',' frm_arithm ',' frm_arithm ',' IDENTIF ']'   (rule 35)
    frm_s_bmp  ->  s_bmp . '[' frm_arithm ',' frm_arithm ',' frm_arithm ',' frm_arithm ',' IDENTIF ',' IDENTIF ']'   (rule 36)

    '[' 	shift, and go to state 55



state 20

    frm_rect  ->  rect_keyword . '[' frm_arithm ',' frm_arithm ',' frm_arithm ',' frm_arithm ',' frm_color ',' frm_color ']'   (rule 37)

    '[' 	shift, and go to state 56



state 21

    frm_r_rect  ->  r_rect . '[' frm_arithm ',' frm_arithm ',' frm_arithm ',' frm_arithm ',' frm_color ',' frm_color ']'   (rule 38)

    '[' 	shift, and go to state 57



state 22

    frm_line  ->  line . '[' frm_arithm ',' frm_arithm ',' frm_arithm ',' frm_arithm ',' frm_color ']'   (rule 39)

    '[' 	shift, and go to state 58



state 23

    frm_ellipse  ->  ellipse . '[' frm_arithm ',' frm_arithm ',' frm_arithm ',' frm_arithm ',' frm_color ',' frm_color ']'   (rule 40)

    '[' 	shift, and go to state 59



state 24

    frm_triang  ->  triang . '[' frm_arithm ',' frm_arithm ',' frm_arithm ',' frm_arithm ',' frm_arithm ',' frm_arithm ',' frm_color ',' frm_color ']'   (rule 41)

    '[' 	shift, and go to state 60



state 25

    frm_active  ->  active . IDENTIF '[' frm_arithm ',' frm_arithm ',' frm_arithm ',' frm_arithm ']'   (rule 42)

    IDENTIF	shift, and go to state 61



state 26

    frm_text  ->  frm_text_common . frm_align frm_arithm ']'   (rule 25)
    frm_text  ->  frm_text_common . frm_align QUOTED_IDENTIF ']'   (rule 26)

    '=' 	shift, and go to state 62
    '<' 	shift, and go to state 63
    '>' 	shift, and go to state 64

    $default	reduce using rule 27 (frm_align)

    frm_align	go to state 65



state 27

    frm_item  ->  frm_item frm_text .   (rule 14)

    $default	reduce using rule 14 (frm_item)



state 28

    frm_item  ->  frm_item frm_bitmap .   (rule 15)

    $default	reduce using rule 15 (frm_item)



state 29

    frm_item  ->  frm_item frm_s_bmp .   (rule 21)

    $default	reduce using rule 21 (frm_item)



state 30

    frm_item  ->  frm_item frm_rect .   (rule 16)

    $default	reduce using rule 16 (frm_item)



state 31

    frm_item  ->  frm_item frm_r_rect .   (rule 19)

    $default	reduce using rule 19 (frm_item)



state 32

    frm_item  ->  frm_item frm_line .   (rule 17)

    $default	reduce using rule 17 (frm_item)



state 33

    frm_item  ->  frm_item frm_ellipse .   (rule 18)

    $default	reduce using rule 18 (frm_item)



state 34

    frm_item  ->  frm_item frm_triang .   (rule 20)

    $default	reduce using rule 20 (frm_item)



state 35

    frm_item  ->  frm_item frm_active .   (rule 22)

    $default	reduce using rule 22 (frm_item)



state 36

    frm_begin  ->  Frame IDENTIF Show_if . frm_logic   (rule 4)

    IDENTIF	shift, and go to state 39
    INT_CONST	shift, and go to state 40
    REAL_CONST	shift, and go to state 41
    Exist	shift, and go to state 42
    Not_Exist	shift, and go to state 43
    For_All	shift, and go to state 44
    Not_For_All	shift, and go to state 45
    '[' 	shift, and go to state 46
    '(' 	shift, and go to state 47

    frm_logic	go to state 66
    frm_arithm	go to state 49
    fun_group_keyword	go to state 50
    fun_group_header	go to state 51
    fun_group	go to state 52



state 37

    frm_background  ->  frm_begin Back_picture '=' .   (rule 5)
    frm_background  ->  frm_begin Back_picture '=' . '<' INT_CONST INT_CONST INT_CONST '>'   (rule 6)

    '<' 	shift, and go to state 67

    $default	reduce using rule 5 (frm_background)



state 38

    frm_backpicture  ->  frm_background INT_CONST INT_CONST .   (rule 7)

    $default	reduce using rule 7 (frm_backpicture)



state 39

    frm_arithm  ->  IDENTIF . '(' frm_arithm_func_call_pars ')'   (rule 58)
    frm_arithm  ->  IDENTIF . '.' IDENTIF   (rule 59)
    frm_arithm  ->  IDENTIF .   (rule 62)

    '(' 	shift, and go to state 68
    '.' 	shift, and go to state 69

    '(' 	[reduce using rule 62 (frm_arithm)]
    $default	reduce using rule 62 (frm_arithm)



state 40

    frm_arithm  ->  INT_CONST .   (rule 60)

    $default	reduce using rule 60 (frm_arithm)



state 41

    frm_arithm  ->  REAL_CONST .   (rule 61)

    $default	reduce using rule 61 (frm_arithm)



state 42

    fun_group_keyword  ->  Exist .   (rule 66)

    $default	reduce using rule 66 (fun_group_keyword)



state 43

    fun_group_keyword  ->  Not_Exist .   (rule 67)

    $default	reduce using rule 67 (fun_group_keyword)



state 44

    fun_group_keyword  ->  For_All .   (rule 68)

    $default	reduce using rule 68 (fun_group_keyword)



state 45

    fun_group_keyword  ->  Not_For_All .   (rule 69)

    $default	reduce using rule 69 (fun_group_keyword)



state 46

    frm_logic  ->  '[' . frm_logic ']'   (rule 51)

    IDENTIF	shift, and go to state 39
    INT_CONST	shift, and go to state 40
    REAL_CONST	shift, and go to state 41
    Exist	shift, and go to state 42
    Not_Exist	shift, and go to state 43
    For_All	shift, and go to state 44
    Not_For_All	shift, and go to state 45
    '[' 	shift, and go to state 46
    '(' 	shift, and go to state 47

    frm_logic	go to state 70
    frm_arithm	go to state 49
    fun_group_keyword	go to state 50
    fun_group_header	go to state 51
    fun_group	go to state 52



state 47

    frm_arithm  ->  '(' . frm_arithm ')'   (rule 57)

    IDENTIF	shift, and go to state 39
    INT_CONST	shift, and go to state 40
    REAL_CONST	shift, and go to state 41
    '(' 	shift, and go to state 47

    frm_arithm	go to state 71



state 48

    frm_show  ->  frm_pre_show Show_if frm_logic .   (rule 12)
    frm_logic  ->  frm_logic . and_keyword frm_logic   (rule 49)
    frm_logic  ->  frm_logic . or_keyword frm_logic   (rule 50)

    or_keyword	shift, and go to state 72
    and_keyword	shift, and go to state 73

    $default	reduce using rule 12 (frm_show)



state 49

    frm_logic  ->  frm_arithm . '=' frm_arithm   (rule 43)
    frm_logic  ->  frm_arithm . neq frm_arithm   (rule 44)
    frm_logic  ->  frm_arithm . '<' frm_arithm   (rule 45)
    frm_logic  ->  frm_arithm . '>' frm_arithm   (rule 46)
    frm_logic  ->  frm_arithm . leq frm_arithm   (rule 47)
    frm_logic  ->  frm_arithm . geq frm_arithm   (rule 48)
    frm_arithm  ->  frm_arithm . '+' frm_arithm   (rule 53)
    frm_arithm  ->  frm_arithm . '-' frm_arithm   (rule 54)
    frm_arithm  ->  frm_arithm . '*' frm_arithm   (rule 55)
    frm_arithm  ->  frm_arithm . '/' frm_arithm   (rule 56)

    neq 	shift, and go to state 74
    leq 	shift, and go to state 75
    geq 	shift, and go to state 76
    '+' 	shift, and go to state 77
    '-' 	shift, and go to state 78
    '*' 	shift, and go to state 79
    '/' 	shift, and go to state 80
    '=' 	shift, and go to state 81
    '<' 	shift, and go to state 82
    '>' 	shift, and go to state 83



state 50

    fun_group_header  ->  fun_group_keyword . '(' IDENTIF_COLON   (rule 70)

    '(' 	shift, and go to state 84



state 51

    fun_group  ->  fun_group_header . frm_logic ')'   (rule 71)
    fun_group  ->  fun_group_header . NoCheck ')'   (rule 72)

    IDENTIF	shift, and go to state 39
    INT_CONST	shift, and go to state 40
    REAL_CONST	shift, and go to state 41
    Exist	shift, and go to state 42
    Not_Exist	shift, and go to state 43
    For_All	shift, and go to state 44
    Not_For_All	shift, and go to state 45
    NoCheck	shift, and go to state 85
    '[' 	shift, and go to state 46
    '(' 	shift, and go to state 47

    frm_logic	go to state 86
    frm_arithm	go to state 49
    fun_group_keyword	go to state 50
    fun_group_header	go to state 51
    fun_group	go to state 52



state 52

    frm_logic  ->  fun_group .   (rule 52)

    $default	reduce using rule 52 (frm_logic)



state 53

    frm_text_common  ->  text '[' . frm_arithm ',' frm_arithm ',' frm_arithm ',' frm_arithm ',' frm_color ',' frm_color ','   (rule 24)

    IDENTIF	shift, and go to state 39
    INT_CONST	shift, and go to state 40
    REAL_CONST	shift, and go to state 41
    '(' 	shift, and go to state 47

    frm_arithm	go to state 87



state 54

    frm_bitmap  ->  bitmap '[' . frm_arithm ',' frm_arithm ',' IDENTIF ']'   (rule 33)
    frm_bitmap  ->  bitmap '[' . frm_arithm ',' frm_arithm ',' IDENTIF ',' IDENTIF ']'   (rule 34)

    IDENTIF	shift, and go to state 39
    INT_CONST	shift, and go to state 40
    REAL_CONST	shift, and go to state 41
    '(' 	shift, and go to state 47

    frm_arithm	go to state 88



state 55

    frm_s_bmp  ->  s_bmp '[' . frm_arithm ',' frm_arithm ',' frm_arithm ',' frm_arithm ',' IDENTIF ']'   (rule 35)
    frm_s_bmp  ->  s_bmp '[' . frm_arithm ',' frm_arithm ',' frm_arithm ',' frm_arithm ',' IDENTIF ',' IDENTIF ']'   (rule 36)

    IDENTIF	shift, and go to state 39
    INT_CONST	shift, and go to state 40
    REAL_CONST	shift, and go to state 41
    '(' 	shift, and go to state 47

    frm_arithm	go to state 89



state 56

    frm_rect  ->  rect_keyword '[' . frm_arithm ',' frm_arithm ',' frm_arithm ',' frm_arithm ',' frm_color ',' frm_color ']'   (rule 37)

    IDENTIF	shift, and go to state 39
    INT_CONST	shift, and go to state 40
    REAL_CONST	shift, and go to state 41
    '(' 	shift, and go to state 47

    frm_arithm	go to state 90



state 57

    frm_r_rect  ->  r_rect '[' . frm_arithm ',' frm_arithm ',' frm_arithm ',' frm_arithm ',' frm_color ',' frm_color ']'   (rule 38)

    IDENTIF	shift, and go to state 39
    INT_CONST	shift, and go to state 40
    REAL_CONST	shift, and go to state 41
    '(' 	shift, and go to state 47

    frm_arithm	go to state 91



state 58

    frm_line  ->  line '[' . frm_arithm ',' frm_arithm ',' frm_arithm ',' frm_arithm ',' frm_color ']'   (rule 39)

    IDENTIF	shift, and go to state 39
    INT_CONST	shift, and go to state 40
    REAL_CONST	shift, and go to state 41
    '(' 	shift, and go to state 47

    frm_arithm	go to state 92



state 59

    frm_ellipse  ->  ellipse '[' . frm_arithm ',' frm_arithm ',' frm_arithm ',' frm_arithm ',' frm_color ',' frm_color ']'   (rule 40)

    IDENTIF	shift, and go to state 39
    INT_CONST	shift, and go to state 40
    REAL_CONST	shift, and go to state 41
    '(' 	shift, and go to state 47

    frm_arithm	go to state 93



state 60

    frm_triang  ->  triang '[' . frm_arithm ',' frm_arithm ',' frm_arithm ',' frm_arithm ',' frm_arithm ',' frm_arithm ',' frm_color ',' frm_color ']'   (rule 41)

    IDENTIF	shift, and go to state 39
    INT_CONST	shift, and go to state 40
    REAL_CONST	shift, and go to state 41
    '(' 	shift, and go to state 47

    frm_arithm	go to state 94



state 61

    frm_active  ->  active IDENTIF . '[' frm_arithm ',' frm_arithm ',' frm_arithm ',' frm_arithm ']'   (rule 42)

    '[' 	shift, and go to state 95



state 62

    frm_align  ->  '=' .   (rule 29)

    $default	reduce using rule 29 (frm_align)



state 63

    frm_align  ->  '<' .   (rule 28)

    $default	reduce using rule 28 (frm_align)



state 64

    frm_align  ->  '>' .   (rule 30)

    $default	reduce using rule 30 (frm_align)



state 65

    frm_text  ->  frm_text_common frm_align . frm_arithm ']'   (rule 25)
    frm_text  ->  frm_text_common frm_align . QUOTED_IDENTIF ']'   (rule 26)

    IDENTIF	shift, and go to state 39
    INT_CONST	shift, and go to state 40
    REAL_CONST	shift, and go to state 41
    QUOTED_IDENTIF	shift, and go to state 96
    '(' 	shift, and go to state 47

    frm_arithm	go to state 97



state 66

    frm_begin  ->  Frame IDENTIF Show_if frm_logic .   (rule 4)
    frm_logic  ->  frm_logic . and_keyword frm_logic   (rule 49)
    frm_logic  ->  frm_logic . or_keyword frm_logic   (rule 50)

    or_keyword	shift, and go to state 72
    and_keyword	shift, and go to state 73

    $default	reduce using rule 4 (frm_begin)



state 67

    frm_background  ->  frm_begin Back_picture '=' '<' . INT_CONST INT_CONST INT_CONST '>'   (rule 6)

    INT_CONST	shift, and go to state 98



state 68

    frm_arithm  ->  IDENTIF '(' . frm_arithm_func_call_pars ')'   (rule 58)

    $default	reduce using rule 63 (frm_arithm_func_call_pars)

    frm_arithm_func_call_pars	go to state 99



state 69

    frm_arithm  ->  IDENTIF '.' . IDENTIF   (rule 59)

    IDENTIF	shift, and go to state 100



state 70

    frm_logic  ->  frm_logic . and_keyword frm_logic   (rule 49)
    frm_logic  ->  frm_logic . or_keyword frm_logic   (rule 50)
    frm_logic  ->  '[' frm_logic . ']'   (rule 51)

    or_keyword	shift, and go to state 72
    and_keyword	shift, and go to state 73
    ']' 	shift, and go to state 101



state 71

    frm_arithm  ->  frm_arithm . '+' frm_arithm   (rule 53)
    frm_arithm  ->  frm_arithm . '-' frm_arithm   (rule 54)
    frm_arithm  ->  frm_arithm . '*' frm_arithm   (rule 55)
    frm_arithm  ->  frm_arithm . '/' frm_arithm   (rule 56)
    frm_arithm  ->  '(' frm_arithm . ')'   (rule 57)

    '+' 	shift, and go to state 77
    '-' 	shift, and go to state 78
    '*' 	shift, and go to state 79
    '/' 	shift, and go to state 80
    ')' 	shift, and go to state 102



state 72

    frm_logic  ->  frm_logic or_keyword . frm_logic   (rule 50)

    IDENTIF	shift, and go to state 39
    INT_CONST	shift, and go to state 40
    REAL_CONST	shift, and go to state 41
    Exist	shift, and go to state 42
    Not_Exist	shift, and go to state 43
    For_All	shift, and go to state 44
    Not_For_All	shift, and go to state 45
    '[' 	shift, and go to state 46
    '(' 	shift, and go to state 47

    frm_logic	go to state 103
    frm_arithm	go to state 49
    fun_group_keyword	go to state 50
    fun_group_header	go to state 51
    fun_group	go to state 52



state 73

    frm_logic  ->  frm_logic and_keyword . frm_logic   (rule 49)

    IDENTIF	shift, and go to state 39
    INT_CONST	shift, and go to state 40
    REAL_CONST	shift, and go to state 41
    Exist	shift, and go to state 42
    Not_Exist	shift, and go to state 43
    For_All	shift, and go to state 44
    Not_For_All	shift, and go to state 45
    '[' 	shift, and go to state 46
    '(' 	shift, and go to state 47

    frm_logic	go to state 104
    frm_arithm	go to state 49
    fun_group_keyword	go to state 50
    fun_group_header	go to state 51
    fun_group	go to state 52



state 74

    frm_logic  ->  frm_arithm neq . frm_arithm   (rule 44)

    IDENTIF	shift, and go to state 39
    INT_CONST	shift, and go to state 40
    REAL_CONST	shift, and go to state 41
    '(' 	shift, and go to state 47

    frm_arithm	go to state 105



state 75

    frm_logic  ->  frm_arithm leq . frm_arithm   (rule 47)

    IDENTIF	shift, and go to state 39
    INT_CONST	shift, and go to state 40
    REAL_CONST	shift, and go to state 41
    '(' 	shift, and go to state 47

    frm_arithm	go to state 106



state 76

    frm_logic  ->  frm_arithm geq . frm_arithm   (rule 48)

    IDENTIF	shift, and go to state 39
    INT_CONST	shift, and go to state 40
    REAL_CONST	shift, and go to state 41
    '(' 	shift, and go to state 47

    frm_arithm	go to state 107



state 77

    frm_arithm  ->  frm_arithm '+' . frm_arithm   (rule 53)

    IDENTIF	shift, and go to state 39
    INT_CONST	shift, and go to state 40
    REAL_CONST	shift, and go to state 41
    '(' 	shift, and go to state 47

    frm_arithm	go to state 108



state 78

    frm_arithm  ->  frm_arithm '-' . frm_arithm   (rule 54)

    IDENTIF	shift, and go to state 39
    INT_CONST	shift, and go to state 40
    REAL_CONST	shift, and go to state 41
    '(' 	shift, and go to state 47

    frm_arithm	go to state 109



state 79

    frm_arithm  ->  frm_arithm '*' . frm_arithm   (rule 55)

    IDENTIF	shift, and go to state 39
    INT_CONST	shift, and go to state 40
    REAL_CONST	shift, and go to state 41
    '(' 	shift, and go to state 47

    frm_arithm	go to state 110



state 80

    frm_arithm  ->  frm_arithm '/' . frm_arithm   (rule 56)

    IDENTIF	shift, and go to state 39
    INT_CONST	shift, and go to state 40
    REAL_CONST	shift, and go to state 41
    '(' 	shift, and go to state 47

    frm_arithm	go to state 111



state 81

    frm_logic  ->  frm_arithm '=' . frm_arithm   (rule 43)

    IDENTIF	shift, and go to state 39
    INT_CONST	shift, and go to state 40
    REAL_CONST	shift, and go to state 41
    '(' 	shift, and go to state 47

    frm_arithm	go to state 112



state 82

    frm_logic  ->  frm_arithm '<' . frm_arithm   (rule 45)

    IDENTIF	shift, and go to state 39
    INT_CONST	shift, and go to state 40
    REAL_CONST	shift, and go to state 41
    '(' 	shift, and go to state 47

    frm_arithm	go to state 113



state 83

    frm_logic  ->  frm_arithm '>' . frm_arithm   (rule 46)

    IDENTIF	shift, and go to state 39
    INT_CONST	shift, and go to state 40
    REAL_CONST	shift, and go to state 41
    '(' 	shift, and go to state 47

    frm_arithm	go to state 114



state 84

    fun_group_header  ->  fun_group_keyword '(' . IDENTIF_COLON   (rule 70)

    IDENTIF_COLON	shift, and go to state 115



state 85

    fun_group  ->  fun_group_header NoCheck . ')'   (rule 72)

    ')' 	shift, and go to state 116



state 86

    frm_logic  ->  frm_logic . and_keyword frm_logic   (rule 49)
    frm_logic  ->  frm_logic . or_keyword frm_logic   (rule 50)
    fun_group  ->  fun_group_header frm_logic . ')'   (rule 71)

    or_keyword	shift, and go to state 72
    and_keyword	shift, and go to state 73
    ')' 	shift, and go to state 117



state 87

    frm_text_common  ->  text '[' frm_arithm . ',' frm_arithm ',' frm_arithm ',' frm_arithm ',' frm_color ',' frm_color ','   (rule 24)
    frm_arithm  ->  frm_arithm . '+' frm_arithm   (rule 53)
    frm_arithm  ->  frm_arithm . '-' frm_arithm   (rule 54)
    frm_arithm  ->  frm_arithm . '*' frm_arithm   (rule 55)
    frm_arithm  ->  frm_arithm . '/' frm_arithm   (rule 56)

    '+' 	shift, and go to state 77
    '-' 	shift, and go to state 78
    '*' 	shift, and go to state 79
    '/' 	shift, and go to state 80
    ',' 	shift, and go to state 118



state 88

    frm_bitmap  ->  bitmap '[' frm_arithm . ',' frm_arithm ',' IDENTIF ']'   (rule 33)
    frm_bitmap  ->  bitmap '[' frm_arithm . ',' frm_arithm ',' IDENTIF ',' IDENTIF ']'   (rule 34)
    frm_arithm  ->  frm_arithm . '+' frm_arithm   (rule 53)
    frm_arithm  ->  frm_arithm . '-' frm_arithm   (rule 54)
    frm_arithm  ->  frm_arithm . '*' frm_arithm   (rule 55)
    frm_arithm  ->  frm_arithm . '/' frm_arithm   (rule 56)

    '+' 	shift, and go to state 77
    '-' 	shift, and go to state 78
    '*' 	shift, and go to state 79
    '/' 	shift, and go to state 80
    ',' 	shift, and go to state 119



state 89

    frm_s_bmp  ->  s_bmp '[' frm_arithm . ',' frm_arithm ',' frm_arithm ',' frm_arithm ',' IDENTIF ']'   (rule 35)
    frm_s_bmp  ->  s_bmp '[' frm_arithm . ',' frm_arithm ',' frm_arithm ',' frm_arithm ',' IDENTIF ',' IDENTIF ']'   (rule 36)
    frm_arithm  ->  frm_arithm . '+' frm_arithm   (rule 53)
    frm_arithm  ->  frm_arithm . '-' frm_arithm   (rule 54)
    frm_arithm  ->  frm_arithm . '*' frm_arithm   (rule 55)
    frm_arithm  ->  frm_arithm . '/' frm_arithm   (rule 56)

    '+' 	shift, and go to state 77
    '-' 	shift, and go to state 78
    '*' 	shift, and go to state 79
    '/' 	shift, and go to state 80
    ',' 	shift, and go to state 120



state 90

    frm_rect  ->  rect_keyword '[' frm_arithm . ',' frm_arithm ',' frm_arithm ',' frm_arithm ',' frm_color ',' frm_color ']'   (rule 37)
    frm_arithm  ->  frm_arithm . '+' frm_arithm   (rule 53)
    frm_arithm  ->  frm_arithm . '-' frm_arithm   (rule 54)
    frm_arithm  ->  frm_arithm . '*' frm_arithm   (rule 55)
    frm_arithm  ->  frm_arithm . '/' frm_arithm   (rule 56)

    '+' 	shift, and go to state 77
    '-' 	shift, and go to state 78
    '*' 	shift, and go to state 79
    '/' 	shift, and go to state 80
    ',' 	shift, and go to state 121



state 91

    frm_r_rect  ->  r_rect '[' frm_arithm . ',' frm_arithm ',' frm_arithm ',' frm_arithm ',' frm_color ',' frm_color ']'   (rule 38)
    frm_arithm  ->  frm_arithm . '+' frm_arithm   (rule 53)
    frm_arithm  ->  frm_arithm . '-' frm_arithm   (rule 54)
    frm_arithm  ->  frm_arithm . '*' frm_arithm   (rule 55)
    frm_arithm  ->  frm_arithm . '/' frm_arithm   (rule 56)

    '+' 	shift, and go to state 77
    '-' 	shift, and go to state 78
    '*' 	shift, and go to state 79
    '/' 	shift, and go to state 80
    ',' 	shift, and go to state 122



state 92

    frm_line  ->  line '[' frm_arithm . ',' frm_arithm ',' frm_arithm ',' frm_arithm ',' frm_color ']'   (rule 39)
    frm_arithm  ->  frm_arithm . '+' frm_arithm   (rule 53)
    frm_arithm  ->  frm_arithm . '-' frm_arithm   (rule 54)
    frm_arithm  ->  frm_arithm . '*' frm_arithm   (rule 55)
    frm_arithm  ->  frm_arithm . '/' frm_arithm   (rule 56)

    '+' 	shift, and go to state 77
    '-' 	shift, and go to state 78
    '*' 	shift, and go to state 79
    '/' 	shift, and go to state 80
    ',' 	shift, and go to state 123



state 93

    frm_ellipse  ->  ellipse '[' frm_arithm . ',' frm_arithm ',' frm_arithm ',' frm_arithm ',' frm_color ',' frm_color ']'   (rule 40)
    frm_arithm  ->  frm_arithm . '+' frm_arithm   (rule 53)
    frm_arithm  ->  frm_arithm . '-' frm_arithm   (rule 54)
    frm_arithm  ->  frm_arithm . '*' frm_arithm   (rule 55)
    frm_arithm  ->  frm_arithm . '/' frm_arithm   (rule 56)

    '+' 	shift, and go to state 77
    '-' 	shift, and go to state 78
    '*' 	shift, and go to state 79
    '/' 	shift, and go to state 80
    ',' 	shift, and go to state 124



state 94

    frm_triang  ->  triang '[' frm_arithm . ',' frm_arithm ',' frm_arithm ',' frm_arithm ',' frm_arithm ',' frm_arithm ',' frm_color ',' frm_color ']'   (rule 41)
    frm_arithm  ->  frm_arithm . '+' frm_arithm   (rule 53)
    frm_arithm  ->  frm_arithm . '-' frm_arithm   (rule 54)
    frm_arithm  ->  frm_arithm . '*' frm_arithm   (rule 55)
    frm_arithm  ->  frm_arithm . '/' frm_arithm   (rule 56)

    '+' 	shift, and go to state 77
    '-' 	shift, and go to state 78
    '*' 	shift, and go to state 79
    '/' 	shift, and go to state 80
    ',' 	shift, and go to state 125



state 95

    frm_active  ->  active IDENTIF '[' . frm_arithm ',' frm_arithm ',' frm_arithm ',' frm_arithm ']'   (rule 42)

    IDENTIF	shift, and go to state 39
    INT_CONST	shift, and go to state 40
    REAL_CONST	shift, and go to state 41
    '(' 	shift, and go to state 47

    frm_arithm	go to state 126



state 96

    frm_text  ->  frm_text_common frm_align QUOTED_IDENTIF . ']'   (rule 26)

    ']' 	shift, and go to state 127



state 97

    frm_text  ->  frm_text_common frm_align frm_arithm . ']'   (rule 25)
    frm_arithm  ->  frm_arithm . '+' frm_arithm   (rule 53)
    frm_arithm  ->  frm_arithm . '-' frm_arithm   (rule 54)
    frm_arithm  ->  frm_arithm . '*' frm_arithm   (rule 55)
    frm_arithm  ->  frm_arithm . '/' frm_arithm   (rule 56)

    '+' 	shift, and go to state 77
    '-' 	shift, and go to state 78
    '*' 	shift, and go to state 79
    '/' 	shift, and go to state 80
    ']' 	shift, and go to state 128



state 98

    frm_background  ->  frm_begin Back_picture '=' '<' INT_CONST . INT_CONST INT_CONST '>'   (rule 6)

    INT_CONST	shift, and go to state 129



state 99

    frm_arithm  ->  IDENTIF '(' frm_arithm_func_call_pars . ')'   (rule 58)
    frm_arithm_func_call_pars  ->  frm_arithm_func_call_pars . frm_arithm   (rule 64)
    frm_arithm_func_call_pars  ->  frm_arithm_func_call_pars . ',' frm_arithm   (rule 65)

    IDENTIF	shift, and go to state 39
    INT_CONST	shift, and go to state 40
    REAL_CONST	shift, and go to state 41
    ',' 	shift, and go to state 130
    '(' 	shift, and go to state 47
    ')' 	shift, and go to state 131

    frm_arithm	go to state 132



state 100

    frm_arithm  ->  IDENTIF '.' IDENTIF .   (rule 59)

    $default	reduce using rule 59 (frm_arithm)



state 101

    frm_logic  ->  '[' frm_logic ']' .   (rule 51)

    $default	reduce using rule 51 (frm_logic)



state 102

    frm_arithm  ->  '(' frm_arithm ')' .   (rule 57)

    $default	reduce using rule 57 (frm_arithm)



state 103

    frm_logic  ->  frm_logic . and_keyword frm_logic   (rule 49)
    frm_logic  ->  frm_logic . or_keyword frm_logic   (rule 50)
    frm_logic  ->  frm_logic or_keyword frm_logic .   (rule 50)

    and_keyword	shift, and go to state 73

    $default	reduce using rule 50 (frm_logic)



state 104

    frm_logic  ->  frm_logic . and_keyword frm_logic   (rule 49)
    frm_logic  ->  frm_logic and_keyword frm_logic .   (rule 49)
    frm_logic  ->  frm_logic . or_keyword frm_logic   (rule 50)


    $default	reduce using rule 49 (frm_logic)



state 105

    frm_logic  ->  frm_arithm neq frm_arithm .   (rule 44)
    frm_arithm  ->  frm_arithm . '+' frm_arithm   (rule 53)
    frm_arithm  ->  frm_arithm . '-' frm_arithm   (rule 54)
    frm_arithm  ->  frm_arithm . '*' frm_arithm   (rule 55)
    frm_arithm  ->  frm_arithm . '/' frm_arithm   (rule 56)

    '+' 	shift, and go to state 77
    '-' 	shift, and go to state 78
    '*' 	shift, and go to state 79
    '/' 	shift, and go to state 80

    $default	reduce using rule 44 (frm_logic)



state 106

    frm_logic  ->  frm_arithm leq frm_arithm .   (rule 47)
    frm_arithm  ->  frm_arithm . '+' frm_arithm   (rule 53)
    frm_arithm  ->  frm_arithm . '-' frm_arithm   (rule 54)
    frm_arithm  ->  frm_arithm . '*' frm_arithm   (rule 55)
    frm_arithm  ->  frm_arithm . '/' frm_arithm   (rule 56)

    '+' 	shift, and go to state 77
    '-' 	shift, and go to state 78
    '*' 	shift, and go to state 79
    '/' 	shift, and go to state 80

    $default	reduce using rule 47 (frm_logic)



state 107

    frm_logic  ->  frm_arithm geq frm_arithm .   (rule 48)
    frm_arithm  ->  frm_arithm . '+' frm_arithm   (rule 53)
    frm_arithm  ->  frm_arithm . '-' frm_arithm   (rule 54)
    frm_arithm  ->  frm_arithm . '*' frm_arithm   (rule 55)
    frm_arithm  ->  frm_arithm . '/' frm_arithm   (rule 56)

    '+' 	shift, and go to state 77
    '-' 	shift, and go to state 78
    '*' 	shift, and go to state 79
    '/' 	shift, and go to state 80

    $default	reduce using rule 48 (frm_logic)



state 108

    frm_arithm  ->  frm_arithm . '+' frm_arithm   (rule 53)
    frm_arithm  ->  frm_arithm '+' frm_arithm .   (rule 53)
    frm_arithm  ->  frm_arithm . '-' frm_arithm   (rule 54)
    frm_arithm  ->  frm_arithm . '*' frm_arithm   (rule 55)
    frm_arithm  ->  frm_arithm . '/' frm_arithm   (rule 56)

    '*' 	shift, and go to state 79
    '/' 	shift, and go to state 80

    $default	reduce using rule 53 (frm_arithm)



state 109

    frm_arithm  ->  frm_arithm . '+' frm_arithm   (rule 53)
    frm_arithm  ->  frm_arithm . '-' frm_arithm   (rule 54)
    frm_arithm  ->  frm_arithm '-' frm_arithm .   (rule 54)
    frm_arithm  ->  frm_arithm . '*' frm_arithm   (rule 55)
    frm_arithm  ->  frm_arithm . '/' frm_arithm   (rule 56)

    '*' 	shift, and go to state 79
    '/' 	shift, and go to state 80

    $default	reduce using rule 54 (frm_arithm)



state 110

    frm_arithm  ->  frm_arithm . '+' frm_arithm   (rule 53)
    frm_arithm  ->  frm_arithm . '-' frm_arithm   (rule 54)
    frm_arithm  ->  frm_arithm . '*' frm_arithm   (rule 55)
    frm_arithm  ->  frm_arithm '*' frm_arithm .   (rule 55)
    frm_arithm  ->  frm_arithm . '/' frm_arithm   (rule 56)


    $default	reduce using rule 55 (frm_arithm)



state 111

    frm_arithm  ->  frm_arithm . '+' frm_arithm   (rule 53)
    frm_arithm  ->  frm_arithm . '-' frm_arithm   (rule 54)
    frm_arithm  ->  frm_arithm . '*' frm_arithm   (rule 55)
    frm_arithm  ->  frm_arithm . '/' frm_arithm   (rule 56)
    frm_arithm  ->  frm_arithm '/' frm_arithm .   (rule 56)


    $default	reduce using rule 56 (frm_arithm)



state 112

    frm_logic  ->  frm_arithm '=' frm_arithm .   (rule 43)
    frm_arithm  ->  frm_arithm . '+' frm_arithm   (rule 53)
    frm_arithm  ->  frm_arithm . '-' frm_arithm   (rule 54)
    frm_arithm  ->  frm_arithm . '*' frm_arithm   (rule 55)
    frm_arithm  ->  frm_arithm . '/' frm_arithm   (rule 56)

    '+' 	shift, and go to state 77
    '-' 	shift, and go to state 78
    '*' 	shift, and go to state 79
    '/' 	shift, and go to state 80

    $default	reduce using rule 43 (frm_logic)



state 113

    frm_logic  ->  frm_arithm '<' frm_arithm .   (rule 45)
    frm_arithm  ->  frm_arithm . '+' frm_arithm   (rule 53)
    frm_arithm  ->  frm_arithm . '-' frm_arithm   (rule 54)
    frm_arithm  ->  frm_arithm . '*' frm_arithm   (rule 55)
    frm_arithm  ->  frm_arithm . '/' frm_arithm   (rule 56)

    '+' 	shift, and go to state 77
    '-' 	shift, and go to state 78
    '*' 	shift, and go to state 79
    '/' 	shift, and go to state 80

    $default	reduce using rule 45 (frm_logic)



state 114

    frm_logic  ->  frm_arithm '>' frm_arithm .   (rule 46)
    frm_arithm  ->  frm_arithm . '+' frm_arithm   (rule 53)
    frm_arithm  ->  frm_arithm . '-' frm_arithm   (rule 54)
    frm_arithm  ->  frm_arithm . '*' frm_arithm   (rule 55)
    frm_arithm  ->  frm_arithm . '/' frm_arithm   (rule 56)

    '+' 	shift, and go to state 77
    '-' 	shift, and go to state 78
    '*' 	shift, and go to state 79
    '/' 	shift, and go to state 80

    $default	reduce using rule 46 (frm_logic)



state 115

    fun_group_header  ->  fun_group_keyword '(' IDENTIF_COLON .   (rule 70)

    $default	reduce using rule 70 (fun_group_header)



state 116

    fun_group  ->  fun_group_header NoCheck ')' .   (rule 72)

    $default	reduce using rule 72 (fun_group)



state 117

    fun_group  ->  fun_group_header frm_logic ')' .   (rule 71)

    $default	reduce using rule 71 (fun_group)



state 118

    frm_text_common  ->  text '[' frm_arithm ',' . frm_arithm ',' frm_arithm ',' frm_arithm ',' frm_color ',' frm_color ','   (rule 24)

    IDENTIF	shift, and go to state 39
    INT_CONST	shift, and go to state 40
    REAL_CONST	shift, and go to state 41
    '(' 	shift, and go to state 47

    frm_arithm	go to state 133



state 119

    frm_bitmap  ->  bitmap '[' frm_arithm ',' . frm_arithm ',' IDENTIF ']'   (rule 33)
    frm_bitmap  ->  bitmap '[' frm_arithm ',' . frm_arithm ',' IDENTIF ',' IDENTIF ']'   (rule 34)

    IDENTIF	shift, and go to state 39
    INT_CONST	shift, and go to state 40
    REAL_CONST	shift, and go to state 41
    '(' 	shift, and go to state 47

    frm_arithm	go to state 134



state 120

    frm_s_bmp  ->  s_bmp '[' frm_arithm ',' . frm_arithm ',' frm_arithm ',' frm_arithm ',' IDENTIF ']'   (rule 35)
    frm_s_bmp  ->  s_bmp '[' frm_arithm ',' . frm_arithm ',' frm_arithm ',' frm_arithm ',' IDENTIF ',' IDENTIF ']'   (rule 36)

    IDENTIF	shift, and go to state 39
    INT_CONST	shift, and go to state 40
    REAL_CONST	shift, and go to state 41
    '(' 	shift, and go to state 47

    frm_arithm	go to state 135



state 121

    frm_rect  ->  rect_keyword '[' frm_arithm ',' . frm_arithm ',' frm_arithm ',' frm_arithm ',' frm_color ',' frm_color ']'   (rule 37)

    IDENTIF	shift, and go to state 39
    INT_CONST	shift, and go to state 40
    REAL_CONST	shift, and go to state 41
    '(' 	shift, and go to state 47

    frm_arithm	go to state 136



state 122

    frm_r_rect  ->  r_rect '[' frm_arithm ',' . frm_arithm ',' frm_arithm ',' frm_arithm ',' frm_color ',' frm_color ']'   (rule 38)

    IDENTIF	shift, and go to state 39
    INT_CONST	shift, and go to state 40
    REAL_CONST	shift, and go to state 41
    '(' 	shift, and go to state 47

    frm_arithm	go to state 137



state 123

    frm_line  ->  line '[' frm_arithm ',' . frm_arithm ',' frm_arithm ',' frm_arithm ',' frm_color ']'   (rule 39)

    IDENTIF	shift, and go to state 39
    INT_CONST	shift, and go to state 40
    REAL_CONST	shift, and go to state 41
    '(' 	shift, and go to state 47

    frm_arithm	go to state 138



state 124

    frm_ellipse  ->  ellipse '[' frm_arithm ',' . frm_arithm ',' frm_arithm ',' frm_arithm ',' frm_color ',' frm_color ']'   (rule 40)

    IDENTIF	shift, and go to state 39
    INT_CONST	shift, and go to state 40
    REAL_CONST	shift, and go to state 41
    '(' 	shift, and go to state 47

    frm_arithm	go to state 139



state 125

    frm_triang  ->  triang '[' frm_arithm ',' . frm_arithm ',' frm_arithm ',' frm_arithm ',' frm_arithm ',' frm_arithm ',' frm_color ',' frm_color ']'   (rule 41)

    IDENTIF	shift, and go to state 39
    INT_CONST	shift, and go to state 40
    REAL_CONST	shift, and go to state 41
    '(' 	shift, and go to state 47

    frm_arithm	go to state 140



state 126

    frm_active  ->  active IDENTIF '[' frm_arithm . ',' frm_arithm ',' frm_arithm ',' frm_arithm ']'   (rule 42)
    frm_arithm  ->  frm_arithm . '+' frm_arithm   (rule 53)
    frm_arithm  ->  frm_arithm . '-' frm_arithm   (rule 54)
    frm_arithm  ->  frm_arithm . '*' frm_arithm   (rule 55)
    frm_arithm  ->  frm_arithm . '/' frm_arithm   (rule 56)

    '+' 	shift, and go to state 77
    '-' 	shift, and go to state 78
    '*' 	shift, and go to state 79
    '/' 	shift, and go to state 80
    ',' 	shift, and go to state 141



state 127

    frm_text  ->  frm_text_common frm_align QUOTED_IDENTIF ']' .   (rule 26)

    $default	reduce using rule 26 (frm_text)



state 128

    frm_text  ->  frm_text_common frm_align frm_arithm ']' .   (rule 25)

    $default	reduce using rule 25 (frm_text)



state 129

    frm_background  ->  frm_begin Back_picture '=' '<' INT_CONST INT_CONST . INT_CONST '>'   (rule 6)

    INT_CONST	shift, and go to state 142



state 130

    frm_arithm_func_call_pars  ->  frm_arithm_func_call_pars ',' . frm_arithm   (rule 65)

    IDENTIF	shift, and go to state 39
    INT_CONST	shift, and go to state 40
    REAL_CONST	shift, and go to state 41
    '(' 	shift, and go to state 47

    frm_arithm	go to state 143



state 131

    frm_arithm  ->  IDENTIF '(' frm_arithm_func_call_pars ')' .   (rule 58)

    $default	reduce using rule 58 (frm_arithm)



state 132

    frm_arithm  ->  frm_arithm . '+' frm_arithm   (rule 53)
    frm_arithm  ->  frm_arithm . '-' frm_arithm   (rule 54)
    frm_arithm  ->  frm_arithm . '*' frm_arithm   (rule 55)
    frm_arithm  ->  frm_arithm . '/' frm_arithm   (rule 56)
    frm_arithm_func_call_pars  ->  frm_arithm_func_call_pars frm_arithm .   (rule 64)

    '+' 	shift, and go to state 77
    '-' 	shift, and go to state 78
    '*' 	shift, and go to state 79
    '/' 	shift, and go to state 80

    $default	reduce using rule 64 (frm_arithm_func_call_pars)



state 133

    frm_text_common  ->  text '[' frm_arithm ',' frm_arithm . ',' frm_arithm ',' frm_arithm ',' frm_color ',' frm_color ','   (rule 24)
    frm_arithm  ->  frm_arithm . '+' frm_arithm   (rule 53)
    frm_arithm  ->  frm_arithm . '-' frm_arithm   (rule 54)
    frm_arithm  ->  frm_arithm . '*' frm_arithm   (rule 55)
    frm_arithm  ->  frm_arithm . '/' frm_arithm   (rule 56)

    '+' 	shift, and go to state 77
    '-' 	shift, and go to state 78
    '*' 	shift, and go to state 79
    '/' 	shift, and go to state 80
    ',' 	shift, and go to state 144



state 134

    frm_bitmap  ->  bitmap '[' frm_arithm ',' frm_arithm . ',' IDENTIF ']'   (rule 33)
    frm_bitmap  ->  bitmap '[' frm_arithm ',' frm_arithm . ',' IDENTIF ',' IDENTIF ']'   (rule 34)
    frm_arithm  ->  frm_arithm . '+' frm_arithm   (rule 53)
    frm_arithm  ->  frm_arithm . '-' frm_arithm   (rule 54)
    frm_arithm  ->  frm_arithm . '*' frm_arithm   (rule 55)
    frm_arithm  ->  frm_arithm . '/' frm_arithm   (rule 56)

    '+' 	shift, and go to state 77
    '-' 	shift, and go to state 78
    '*' 	shift, and go to state 79
    '/' 	shift, and go to state 80
    ',' 	shift, and go to state 145



state 135

    frm_s_bmp  ->  s_bmp '[' frm_arithm ',' frm_arithm . ',' frm_arithm ',' frm_arithm ',' IDENTIF ']'   (rule 35)
    frm_s_bmp  ->  s_bmp '[' frm_arithm ',' frm_arithm . ',' frm_arithm ',' frm_arithm ',' IDENTIF ',' IDENTIF ']'   (rule 36)
    frm_arithm  ->  frm_arithm . '+' frm_arithm   (rule 53)
    frm_arithm  ->  frm_arithm . '-' frm_arithm   (rule 54)
    frm_arithm  ->  frm_arithm . '*' frm_arithm   (rule 55)
    frm_arithm  ->  frm_arithm . '/' frm_arithm   (rule 56)

    '+' 	shift, and go to state 77
    '-' 	shift, and go to state 78
    '*' 	shift, and go to state 79
    '/' 	shift, and go to state 80
    ',' 	shift, and go to state 146



state 136

    frm_rect  ->  rect_keyword '[' frm_arithm ',' frm_arithm . ',' frm_arithm ',' frm_arithm ',' frm_color ',' frm_color ']'   (rule 37)
    frm_arithm  ->  frm_arithm . '+' frm_arithm   (rule 53)
    frm_arithm  ->  frm_arithm . '-' frm_arithm   (rule 54)
    frm_arithm  ->  frm_arithm . '*' frm_arithm   (rule 55)
    frm_arithm  ->  frm_arithm . '/' frm_arithm   (rule 56)

    '+' 	shift, and go to state 77
    '-' 	shift, and go to state 78
    '*' 	shift, and go to state 79
    '/' 	shift, and go to state 80
    ',' 	shift, and go to state 147



state 137

    frm_r_rect  ->  r_rect '[' frm_arithm ',' frm_arithm . ',' frm_arithm ',' frm_arithm ',' frm_color ',' frm_color ']'   (rule 38)
    frm_arithm  ->  frm_arithm . '+' frm_arithm   (rule 53)
    frm_arithm  ->  frm_arithm . '-' frm_arithm   (rule 54)
    frm_arithm  ->  frm_arithm . '*' frm_arithm   (rule 55)
    frm_arithm  ->  frm_arithm . '/' frm_arithm   (rule 56)

    '+' 	shift, and go to state 77
    '-' 	shift, and go to state 78
    '*' 	shift, and go to state 79
    '/' 	shift, and go to state 80
    ',' 	shift, and go to state 148



state 138

    frm_line  ->  line '[' frm_arithm ',' frm_arithm . ',' frm_arithm ',' frm_arithm ',' frm_color ']'   (rule 39)
    frm_arithm  ->  frm_arithm . '+' frm_arithm   (rule 53)
    frm_arithm  ->  frm_arithm . '-' frm_arithm   (rule 54)
    frm_arithm  ->  frm_arithm . '*' frm_arithm   (rule 55)
    frm_arithm  ->  frm_arithm . '/' frm_arithm   (rule 56)

    '+' 	shift, and go to state 77
    '-' 	shift, and go to state 78
    '*' 	shift, and go to state 79
    '/' 	shift, and go to state 80
    ',' 	shift, and go to state 149



state 139

    frm_ellipse  ->  ellipse '[' frm_arithm ',' frm_arithm . ',' frm_arithm ',' frm_arithm ',' frm_color ',' frm_color ']'   (rule 40)
    frm_arithm  ->  frm_arithm . '+' frm_arithm   (rule 53)
    frm_arithm  ->  frm_arithm . '-' frm_arithm   (rule 54)
    frm_arithm  ->  frm_arithm . '*' frm_arithm   (rule 55)
    frm_arithm  ->  frm_arithm . '/' frm_arithm   (rule 56)

    '+' 	shift, and go to state 77
    '-' 	shift, and go to state 78
    '*' 	shift, and go to state 79
    '/' 	shift, and go to state 80
    ',' 	shift, and go to state 150



state 140

    frm_triang  ->  triang '[' frm_arithm ',' frm_arithm . ',' frm_arithm ',' frm_arithm ',' frm_arithm ',' frm_arithm ',' frm_color ',' frm_color ']'   (rule 41)
    frm_arithm  ->  frm_arithm . '+' frm_arithm   (rule 53)
    frm_arithm  ->  frm_arithm . '-' frm_arithm   (rule 54)
    frm_arithm  ->  frm_arithm . '*' frm_arithm   (rule 55)
    frm_arithm  ->  frm_arithm . '/' frm_arithm   (rule 56)

    '+' 	shift, and go to state 77
    '-' 	shift, and go to state 78
    '*' 	shift, and go to state 79
    '/' 	shift, and go to state 80
    ',' 	shift, and go to state 151



state 141

    frm_active  ->  active IDENTIF '[' frm_arithm ',' . frm_arithm ',' frm_arithm ',' frm_arithm ']'   (rule 42)

    IDENTIF	shift, and go to state 39
    INT_CONST	shift, and go to state 40
    REAL_CONST	shift, and go to state 41
    '(' 	shift, and go to state 47

    frm_arithm	go to state 152



state 142

    frm_background  ->  frm_begin Back_picture '=' '<' INT_CONST INT_CONST INT_CONST . '>'   (rule 6)

    '>' 	shift, and go to state 153



state 143

    frm_arithm  ->  frm_arithm . '+' frm_arithm   (rule 53)
    frm_arithm  ->  frm_arithm . '-' frm_arithm   (rule 54)
    frm_arithm  ->  frm_arithm . '*' frm_arithm   (rule 55)
    frm_arithm  ->  frm_arithm . '/' frm_arithm   (rule 56)
    frm_arithm_func_call_pars  ->  frm_arithm_func_call_pars ',' frm_arithm .   (rule 65)

    '+' 	shift, and go to state 77
    '-' 	shift, and go to state 78
    '*' 	shift, and go to state 79
    '/' 	shift, and go to state 80

    $default	reduce using rule 65 (frm_arithm_func_call_pars)



state 144

    frm_text_common  ->  text '[' frm_arithm ',' frm_arithm ',' . frm_arithm ',' frm_arithm ',' frm_color ',' frm_color ','   (rule 24)

    IDENTIF	shift, and go to state 39
    INT_CONST	shift, and go to state 40
    REAL_CONST	shift, and go to state 41
    '(' 	shift, and go to state 47

    frm_arithm	go to state 154



state 145

    frm_bitmap  ->  bitmap '[' frm_arithm ',' frm_arithm ',' . IDENTIF ']'   (rule 33)
    frm_bitmap  ->  bitmap '[' frm_arithm ',' frm_arithm ',' . IDENTIF ',' IDENTIF ']'   (rule 34)

    IDENTIF	shift, and go to state 155



state 146

    frm_s_bmp  ->  s_bmp '[' frm_arithm ',' frm_arithm ',' . frm_arithm ',' frm_arithm ',' IDENTIF ']'   (rule 35)
    frm_s_bmp  ->  s_bmp '[' frm_arithm ',' frm_arithm ',' . frm_arithm ',' frm_arithm ',' IDENTIF ',' IDENTIF ']'   (rule 36)

    IDENTIF	shift, and go to state 39
    INT_CONST	shift, and go to state 40
    REAL_CONST	shift, and go to state 41
    '(' 	shift, and go to state 47

    frm_arithm	go to state 156



state 147

    frm_rect  ->  rect_keyword '[' frm_arithm ',' frm_arithm ',' . frm_arithm ',' frm_arithm ',' frm_color ',' frm_color ']'   (rule 37)

    IDENTIF	shift, and go to state 39
    INT_CONST	shift, and go to state 40
    REAL_CONST	shift, and go to state 41
    '(' 	shift, and go to state 47

    frm_arithm	go to state 157



state 148

    frm_r_rect  ->  r_rect '[' frm_arithm ',' frm_arithm ',' . frm_arithm ',' frm_arithm ',' frm_color ',' frm_color ']'   (rule 38)

    IDENTIF	shift, and go to state 39
    INT_CONST	shift, and go to state 40
    REAL_CONST	shift, and go to state 41
    '(' 	shift, and go to state 47

    frm_arithm	go to state 158



state 149

    frm_line  ->  line '[' frm_arithm ',' frm_arithm ',' . frm_arithm ',' frm_arithm ',' frm_color ']'   (rule 39)

    IDENTIF	shift, and go to state 39
    INT_CONST	shift, and go to state 40
    REAL_CONST	shift, and go to state 41
    '(' 	shift, and go to state 47

    frm_arithm	go to state 159



state 150

    frm_ellipse  ->  ellipse '[' frm_arithm ',' frm_arithm ',' . frm_arithm ',' frm_arithm ',' frm_color ',' frm_color ']'   (rule 40)

    IDENTIF	shift, and go to state 39
    INT_CONST	shift, and go to state 40
    REAL_CONST	shift, and go to state 41
    '(' 	shift, and go to state 47

    frm_arithm	go to state 160



state 151

    frm_triang  ->  triang '[' frm_arithm ',' frm_arithm ',' . frm_arithm ',' frm_arithm ',' frm_arithm ',' frm_arithm ',' frm_color ',' frm_color ']'   (rule 41)

    IDENTIF	shift, and go to state 39
    INT_CONST	shift, and go to state 40
    REAL_CONST	shift, and go to state 41
    '(' 	shift, and go to state 47

    frm_arithm	go to state 161



state 152

    frm_active  ->  active IDENTIF '[' frm_arithm ',' frm_arithm . ',' frm_arithm ',' frm_arithm ']'   (rule 42)
    frm_arithm  ->  frm_arithm . '+' frm_arithm   (rule 53)
    frm_arithm  ->  frm_arithm . '-' frm_arithm   (rule 54)
    frm_arithm  ->  frm_arithm . '*' frm_arithm   (rule 55)
    frm_arithm  ->  frm_arithm . '/' frm_arithm   (rule 56)

    '+' 	shift, and go to state 77
    '-' 	shift, and go to state 78
    '*' 	shift, and go to state 79
    '/' 	shift, and go to state 80
    ',' 	shift, and go to state 162



state 153

    frm_background  ->  frm_begin Back_picture '=' '<' INT_CONST INT_CONST INT_CONST '>' .   (rule 6)

    $default	reduce using rule 6 (frm_background)



state 154

    frm_text_common  ->  text '[' frm_arithm ',' frm_arithm ',' frm_arithm . ',' frm_arithm ',' frm_color ',' frm_color ','   (rule 24)
    frm_arithm  ->  frm_arithm . '+' frm_arithm   (rule 53)
    frm_arithm  ->  frm_arithm . '-' frm_arithm   (rule 54)
    frm_arithm  ->  frm_arithm . '*' frm_arithm   (rule 55)
    frm_arithm  ->  frm_arithm . '/' frm_arithm   (rule 56)

    '+' 	shift, and go to state 77
    '-' 	shift, and go to state 78
    '*' 	shift, and go to state 79
    '/' 	shift, and go to state 80
    ',' 	shift, and go to state 163



state 155

    frm_bitmap  ->  bitmap '[' frm_arithm ',' frm_arithm ',' IDENTIF . ']'   (rule 33)
    frm_bitmap  ->  bitmap '[' frm_arithm ',' frm_arithm ',' IDENTIF . ',' IDENTIF ']'   (rule 34)

    ',' 	shift, and go to state 164
    ']' 	shift, and go to state 165



state 156

    frm_s_bmp  ->  s_bmp '[' frm_arithm ',' frm_arithm ',' frm_arithm . ',' frm_arithm ',' IDENTIF ']'   (rule 35)
    frm_s_bmp  ->  s_bmp '[' frm_arithm ',' frm_arithm ',' frm_arithm . ',' frm_arithm ',' IDENTIF ',' IDENTIF ']'   (rule 36)
    frm_arithm  ->  frm_arithm . '+' frm_arithm   (rule 53)
    frm_arithm  ->  frm_arithm . '-' frm_arithm   (rule 54)
    frm_arithm  ->  frm_arithm . '*' frm_arithm   (rule 55)
    frm_arithm  ->  frm_arithm . '/' frm_arithm   (rule 56)

    '+' 	shift, and go to state 77
    '-' 	shift, and go to state 78
    '*' 	shift, and go to state 79
    '/' 	shift, and go to state 80
    ',' 	shift, and go to state 166



state 157

    frm_rect  ->  rect_keyword '[' frm_arithm ',' frm_arithm ',' frm_arithm . ',' frm_arithm ',' frm_color ',' frm_color ']'   (rule 37)
    frm_arithm  ->  frm_arithm . '+' frm_arithm   (rule 53)
    frm_arithm  ->  frm_arithm . '-' frm_arithm   (rule 54)
    frm_arithm  ->  frm_arithm . '*' frm_arithm   (rule 55)
    frm_arithm  ->  frm_arithm . '/' frm_arithm   (rule 56)

    '+' 	shift, and go to state 77
    '-' 	shift, and go to state 78
    '*' 	shift, and go to state 79
    '/' 	shift, and go to state 80
    ',' 	shift, and go to state 167



state 158

    frm_r_rect  ->  r_rect '[' frm_arithm ',' frm_arithm ',' frm_arithm . ',' frm_arithm ',' frm_color ',' frm_color ']'   (rule 38)
    frm_arithm  ->  frm_arithm . '+' frm_arithm   (rule 53)
    frm_arithm  ->  frm_arithm . '-' frm_arithm   (rule 54)
    frm_arithm  ->  frm_arithm . '*' frm_arithm   (rule 55)
    frm_arithm  ->  frm_arithm . '/' frm_arithm   (rule 56)

    '+' 	shift, and go to state 77
    '-' 	shift, and go to state 78
    '*' 	shift, and go to state 79
    '/' 	shift, and go to state 80
    ',' 	shift, and go to state 168



state 159

    frm_line  ->  line '[' frm_arithm ',' frm_arithm ',' frm_arithm . ',' frm_arithm ',' frm_color ']'   (rule 39)
    frm_arithm  ->  frm_arithm . '+' frm_arithm   (rule 53)
    frm_arithm  ->  frm_arithm . '-' frm_arithm   (rule 54)
    frm_arithm  ->  frm_arithm . '*' frm_arithm   (rule 55)
    frm_arithm  ->  frm_arithm . '/' frm_arithm   (rule 56)

    '+' 	shift, and go to state 77
    '-' 	shift, and go to state 78
    '*' 	shift, and go to state 79
    '/' 	shift, and go to state 80
    ',' 	shift, and go to state 169



state 160

    frm_ellipse  ->  ellipse '[' frm_arithm ',' frm_arithm ',' frm_arithm . ',' frm_arithm ',' frm_color ',' frm_color ']'   (rule 40)
    frm_arithm  ->  frm_arithm . '+' frm_arithm   (rule 53)
    frm_arithm  ->  frm_arithm . '-' frm_arithm   (rule 54)
    frm_arithm  ->  frm_arithm . '*' frm_arithm   (rule 55)
    frm_arithm  ->  frm_arithm . '/' frm_arithm   (rule 56)

    '+' 	shift, and go to state 77
    '-' 	shift, and go to state 78
    '*' 	shift, and go to state 79
    '/' 	shift, and go to state 80
    ',' 	shift, and go to state 170



state 161

    frm_triang  ->  triang '[' frm_arithm ',' frm_arithm ',' frm_arithm . ',' frm_arithm ',' frm_arithm ',' frm_arithm ',' frm_color ',' frm_color ']'   (rule 41)
    frm_arithm  ->  frm_arithm . '+' frm_arithm   (rule 53)
    frm_arithm  ->  frm_arithm . '-' frm_arithm   (rule 54)
    frm_arithm  ->  frm_arithm . '*' frm_arithm   (rule 55)
    frm_arithm  ->  frm_arithm . '/' frm_arithm   (rule 56)

    '+' 	shift, and go to state 77
    '-' 	shift, and go to state 78
    '*' 	shift, and go to state 79
    '/' 	shift, and go to state 80
    ',' 	shift, and go to state 171



state 162

    frm_active  ->  active IDENTIF '[' frm_arithm ',' frm_arithm ',' . frm_arithm ',' frm_arithm ']'   (rule 42)

    IDENTIF	shift, and go to state 39
    INT_CONST	shift, and go to state 40
    REAL_CONST	shift, and go to state 41
    '(' 	shift, and go to state 47

    frm_arithm	go to state 172



state 163

    frm_text_common  ->  text '[' frm_arithm ',' frm_arithm ',' frm_arithm ',' . frm_arithm ',' frm_color ',' frm_color ','   (rule 24)

    IDENTIF	shift, and go to state 39
    INT_CONST	shift, and go to state 40
    REAL_CONST	shift, and go to state 41
    '(' 	shift, and go to state 47

    frm_arithm	go to state 173



state 164

    frm_bitmap  ->  bitmap '[' frm_arithm ',' frm_arithm ',' IDENTIF ',' . IDENTIF ']'   (rule 34)

    IDENTIF	shift, and go to state 174



state 165

    frm_bitmap  ->  bitmap '[' frm_arithm ',' frm_arithm ',' IDENTIF ']' .   (rule 33)

    $default	reduce using rule 33 (frm_bitmap)



state 166

    frm_s_bmp  ->  s_bmp '[' frm_arithm ',' frm_arithm ',' frm_arithm ',' . frm_arithm ',' IDENTIF ']'   (rule 35)
    frm_s_bmp  ->  s_bmp '[' frm_arithm ',' frm_arithm ',' frm_arithm ',' . frm_arithm ',' IDENTIF ',' IDENTIF ']'   (rule 36)

    IDENTIF	shift, and go to state 39
    INT_CONST	shift, and go to state 40
    REAL_CONST	shift, and go to state 41
    '(' 	shift, and go to state 47

    frm_arithm	go to state 175



state 167

    frm_rect  ->  rect_keyword '[' frm_arithm ',' frm_arithm ',' frm_arithm ',' . frm_arithm ',' frm_color ',' frm_color ']'   (rule 37)

    IDENTIF	shift, and go to state 39
    INT_CONST	shift, and go to state 40
    REAL_CONST	shift, and go to state 41
    '(' 	shift, and go to state 47

    frm_arithm	go to state 176



state 168

    frm_r_rect  ->  r_rect '[' frm_arithm ',' frm_arithm ',' frm_arithm ',' . frm_arithm ',' frm_color ',' frm_color ']'   (rule 38)

    IDENTIF	shift, and go to state 39
    INT_CONST	shift, and go to state 40
    REAL_CONST	shift, and go to state 41
    '(' 	shift, and go to state 47

    frm_arithm	go to state 177



state 169

    frm_line  ->  line '[' frm_arithm ',' frm_arithm ',' frm_arithm ',' . frm_arithm ',' frm_color ']'   (rule 39)

    IDENTIF	shift, and go to state 39
    INT_CONST	shift, and go to state 40
    REAL_CONST	shift, and go to state 41
    '(' 	shift, and go to state 47

    frm_arithm	go to state 178



state 170

    frm_ellipse  ->  ellipse '[' frm_arithm ',' frm_arithm ',' frm_arithm ',' . frm_arithm ',' frm_color ',' frm_color ']'   (rule 40)

    IDENTIF	shift, and go to state 39
    INT_CONST	shift, and go to state 40
    REAL_CONST	shift, and go to state 41
    '(' 	shift, and go to state 47

    frm_arithm	go to state 179



state 171

    frm_triang  ->  triang '[' frm_arithm ',' frm_arithm ',' frm_arithm ',' . frm_arithm ',' frm_arithm ',' frm_arithm ',' frm_color ',' frm_color ']'   (rule 41)

    IDENTIF	shift, and go to state 39
    INT_CONST	shift, and go to state 40
    REAL_CONST	shift, and go to state 41
    '(' 	shift, and go to state 47

    frm_arithm	go to state 180



state 172

    frm_active  ->  active IDENTIF '[' frm_arithm ',' frm_arithm ',' frm_arithm . ',' frm_arithm ']'   (rule 42)
    frm_arithm  ->  frm_arithm . '+' frm_arithm   (rule 53)
    frm_arithm  ->  frm_arithm . '-' frm_arithm   (rule 54)
    frm_arithm  ->  frm_arithm . '*' frm_arithm   (rule 55)
    frm_arithm  ->  frm_arithm . '/' frm_arithm   (rule 56)

    '+' 	shift, and go to state 77
    '-' 	shift, and go to state 78
    '*' 	shift, and go to state 79
    '/' 	shift, and go to state 80
    ',' 	shift, and go to state 181



state 173

    frm_text_common  ->  text '[' frm_arithm ',' frm_arithm ',' frm_arithm ',' frm_arithm . ',' frm_color ',' frm_color ','   (rule 24)
    frm_arithm  ->  frm_arithm . '+' frm_arithm   (rule 53)
    frm_arithm  ->  frm_arithm . '-' frm_arithm   (rule 54)
    frm_arithm  ->  frm_arithm . '*' frm_arithm   (rule 55)
    frm_arithm  ->  frm_arithm . '/' frm_arithm   (rule 56)

    '+' 	shift, and go to state 77
    '-' 	shift, and go to state 78
    '*' 	shift, and go to state 79
    '/' 	shift, and go to state 80
    ',' 	shift, and go to state 182



state 174

    frm_bitmap  ->  bitmap '[' frm_arithm ',' frm_arithm ',' IDENTIF ',' IDENTIF . ']'   (rule 34)

    ']' 	shift, and go to state 183



state 175

    frm_s_bmp  ->  s_bmp '[' frm_arithm ',' frm_arithm ',' frm_arithm ',' frm_arithm . ',' IDENTIF ']'   (rule 35)
    frm_s_bmp  ->  s_bmp '[' frm_arithm ',' frm_arithm ',' frm_arithm ',' frm_arithm . ',' IDENTIF ',' IDENTIF ']'   (rule 36)
    frm_arithm  ->  frm_arithm . '+' frm_arithm   (rule 53)
    frm_arithm  ->  frm_arithm . '-' frm_arithm   (rule 54)
    frm_arithm  ->  frm_arithm . '*' frm_arithm   (rule 55)
    frm_arithm  ->  frm_arithm . '/' frm_arithm   (rule 56)

    '+' 	shift, and go to state 77
    '-' 	shift, and go to state 78
    '*' 	shift, and go to state 79
    '/' 	shift, and go to state 80
    ',' 	shift, and go to state 184



state 176

    frm_rect  ->  rect_keyword '[' frm_arithm ',' frm_arithm ',' frm_arithm ',' frm_arithm . ',' frm_color ',' frm_color ']'   (rule 37)
    frm_arithm  ->  frm_arithm . '+' frm_arithm   (rule 53)
    frm_arithm  ->  frm_arithm . '-' frm_arithm   (rule 54)
    frm_arithm  ->  frm_arithm . '*' frm_arithm   (rule 55)
    frm_arithm  ->  frm_arithm . '/' frm_arithm   (rule 56)

    '+' 	shift, and go to state 77
    '-' 	shift, and go to state 78
    '*' 	shift, and go to state 79
    '/' 	shift, and go to state 80
    ',' 	shift, and go to state 185



state 177

    frm_r_rect  ->  r_rect '[' frm_arithm ',' frm_arithm ',' frm_arithm ',' frm_arithm . ',' frm_color ',' frm_color ']'   (rule 38)
    frm_arithm  ->  frm_arithm . '+' frm_arithm   (rule 53)
    frm_arithm  ->  frm_arithm . '-' frm_arithm   (rule 54)
    frm_arithm  ->  frm_arithm . '*' frm_arithm   (rule 55)
    frm_arithm  ->  frm_arithm . '/' frm_arithm   (rule 56)

    '+' 	shift, and go to state 77
    '-' 	shift, and go to state 78
    '*' 	shift, and go to state 79
    '/' 	shift, and go to state 80
    ',' 	shift, and go to state 186



state 178

    frm_line  ->  line '[' frm_arithm ',' frm_arithm ',' frm_arithm ',' frm_arithm . ',' frm_color ']'   (rule 39)
    frm_arithm  ->  frm_arithm . '+' frm_arithm   (rule 53)
    frm_arithm  ->  frm_arithm . '-' frm_arithm   (rule 54)
    frm_arithm  ->  frm_arithm . '*' frm_arithm   (rule 55)
    frm_arithm  ->  frm_arithm . '/' frm_arithm   (rule 56)

    '+' 	shift, and go to state 77
    '-' 	shift, and go to state 78
    '*' 	shift, and go to state 79
    '/' 	shift, and go to state 80
    ',' 	shift, and go to state 187



state 179

    frm_ellipse  ->  ellipse '[' frm_arithm ',' frm_arithm ',' frm_arithm ',' frm_arithm . ',' frm_color ',' frm_color ']'   (rule 40)
    frm_arithm  ->  frm_arithm . '+' frm_arithm   (rule 53)
    frm_arithm  ->  frm_arithm . '-' frm_arithm   (rule 54)
    frm_arithm  ->  frm_arithm . '*' frm_arithm   (rule 55)
    frm_arithm  ->  frm_arithm . '/' frm_arithm   (rule 56)

    '+' 	shift, and go to state 77
    '-' 	shift, and go to state 78
    '*' 	shift, and go to state 79
    '/' 	shift, and go to state 80
    ',' 	shift, and go to state 188



state 180

    frm_triang  ->  triang '[' frm_arithm ',' frm_arithm ',' frm_arithm ',' frm_arithm . ',' frm_arithm ',' frm_arithm ',' frm_color ',' frm_color ']'   (rule 41)
    frm_arithm  ->  frm_arithm . '+' frm_arithm   (rule 53)
    frm_arithm  ->  frm_arithm . '-' frm_arithm   (rule 54)
    frm_arithm  ->  frm_arithm . '*' frm_arithm   (rule 55)
    frm_arithm  ->  frm_arithm . '/' frm_arithm   (rule 56)

    '+' 	shift, and go to state 77
    '-' 	shift, and go to state 78
    '*' 	shift, and go to state 79
    '/' 	shift, and go to state 80
    ',' 	shift, and go to state 189



state 181

    frm_active  ->  active IDENTIF '[' frm_arithm ',' frm_arithm ',' frm_arithm ',' . frm_arithm ']'   (rule 42)

    IDENTIF	shift, and go to state 39
    INT_CONST	shift, and go to state 40
    REAL_CONST	shift, and go to state 41
    '(' 	shift, and go to state 47

    frm_arithm	go to state 190



state 182

    frm_text_common  ->  text '[' frm_arithm ',' frm_arithm ',' frm_arithm ',' frm_arithm ',' . frm_color ',' frm_color ','   (rule 24)

    transparent	shift, and go to state 191
    '<' 	shift, and go to state 192

    frm_color	go to state 193



state 183

    frm_bitmap  ->  bitmap '[' frm_arithm ',' frm_arithm ',' IDENTIF ',' IDENTIF ']' .   (rule 34)

    $default	reduce using rule 34 (frm_bitmap)



state 184

    frm_s_bmp  ->  s_bmp '[' frm_arithm ',' frm_arithm ',' frm_arithm ',' frm_arithm ',' . IDENTIF ']'   (rule 35)
    frm_s_bmp  ->  s_bmp '[' frm_arithm ',' frm_arithm ',' frm_arithm ',' frm_arithm ',' . IDENTIF ',' IDENTIF ']'   (rule 36)

    IDENTIF	shift, and go to state 194



state 185

    frm_rect  ->  rect_keyword '[' frm_arithm ',' frm_arithm ',' frm_arithm ',' frm_arithm ',' . frm_color ',' frm_color ']'   (rule 37)

    transparent	shift, and go to state 191
    '<' 	shift, and go to state 192

    frm_color	go to state 195



state 186

    frm_r_rect  ->  r_rect '[' frm_arithm ',' frm_arithm ',' frm_arithm ',' frm_arithm ',' . frm_color ',' frm_color ']'   (rule 38)

    transparent	shift, and go to state 191
    '<' 	shift, and go to state 192

    frm_color	go to state 196



state 187

    frm_line  ->  line '[' frm_arithm ',' frm_arithm ',' frm_arithm ',' frm_arithm ',' . frm_color ']'   (rule 39)

    transparent	shift, and go to state 191
    '<' 	shift, and go to state 192

    frm_color	go to state 197



state 188

    frm_ellipse  ->  ellipse '[' frm_arithm ',' frm_arithm ',' frm_arithm ',' frm_arithm ',' . frm_color ',' frm_color ']'   (rule 40)

    transparent	shift, and go to state 191
    '<' 	shift, and go to state 192

    frm_color	go to state 198



state 189

    frm_triang  ->  triang '[' frm_arithm ',' frm_arithm ',' frm_arithm ',' frm_arithm ',' . frm_arithm ',' frm_arithm ',' frm_color ',' frm_color ']'   (rule 41)

    IDENTIF	shift, and go to state 39
    INT_CONST	shift, and go to state 40
    REAL_CONST	shift, and go to state 41
    '(' 	shift, and go to state 47

    frm_arithm	go to state 199



state 190

    frm_active  ->  active IDENTIF '[' frm_arithm ',' frm_arithm ',' frm_arithm ',' frm_arithm . ']'   (rule 42)
    frm_arithm  ->  frm_arithm . '+' frm_arithm   (rule 53)
    frm_arithm  ->  frm_arithm . '-' frm_arithm   (rule 54)
    frm_arithm  ->  frm_arithm . '*' frm_arithm   (rule 55)
    frm_arithm  ->  frm_arithm . '/' frm_arithm   (rule 56)

    '+' 	shift, and go to state 77
    '-' 	shift, and go to state 78
    '*' 	shift, and go to state 79
    '/' 	shift, and go to state 80
    ']' 	shift, and go to state 200



state 191

    frm_color  ->  transparent .   (rule 31)

    $default	reduce using rule 31 (frm_color)



state 192

    frm_color  ->  '<' . INT_CONST INT_CONST INT_CONST '>'   (rule 32)

    INT_CONST	shift, and go to state 201



state 193

    frm_text_common  ->  text '[' frm_arithm ',' frm_arithm ',' frm_arithm ',' frm_arithm ',' frm_color . ',' frm_color ','   (rule 24)

    ',' 	shift, and go to state 202



state 194

    frm_s_bmp  ->  s_bmp '[' frm_arithm ',' frm_arithm ',' frm_arithm ',' frm_arithm ',' IDENTIF . ']'   (rule 35)
    frm_s_bmp  ->  s_bmp '[' frm_arithm ',' frm_arithm ',' frm_arithm ',' frm_arithm ',' IDENTIF . ',' IDENTIF ']'   (rule 36)

    ',' 	shift, and go to state 203
    ']' 	shift, and go to state 204



state 195

    frm_rect  ->  rect_keyword '[' frm_arithm ',' frm_arithm ',' frm_arithm ',' frm_arithm ',' frm_color . ',' frm_color ']'   (rule 37)

    ',' 	shift, and go to state 205



state 196

    frm_r_rect  ->  r_rect '[' frm_arithm ',' frm_arithm ',' frm_arithm ',' frm_arithm ',' frm_color . ',' frm_color ']'   (rule 38)

    ',' 	shift, and go to state 206



state 197

    frm_line  ->  line '[' frm_arithm ',' frm_arithm ',' frm_arithm ',' frm_arithm ',' frm_color . ']'   (rule 39)

    ']' 	shift, and go to state 207



state 198

    frm_ellipse  ->  ellipse '[' frm_arithm ',' frm_arithm ',' frm_arithm ',' frm_arithm ',' frm_color . ',' frm_color ']'   (rule 40)

    ',' 	shift, and go to state 208



state 199

    frm_triang  ->  triang '[' frm_arithm ',' frm_arithm ',' frm_arithm ',' frm_arithm ',' frm_arithm . ',' frm_arithm ',' frm_color ',' frm_color ']'   (rule 41)
    frm_arithm  ->  frm_arithm . '+' frm_arithm   (rule 53)
    frm_arithm  ->  frm_arithm . '-' frm_arithm   (rule 54)
    frm_arithm  ->  frm_arithm . '*' frm_arithm   (rule 55)
    frm_arithm  ->  frm_arithm . '/' frm_arithm   (rule 56)

    '+' 	shift, and go to state 77
    '-' 	shift, and go to state 78
    '*' 	shift, and go to state 79
    '/' 	shift, and go to state 80
    ',' 	shift, and go to state 209



state 200

    frm_active  ->  active IDENTIF '[' frm_arithm ',' frm_arithm ',' frm_arithm ',' frm_arithm ']' .   (rule 42)

    $default	reduce using rule 42 (frm_active)



state 201

    frm_color  ->  '<' INT_CONST . INT_CONST INT_CONST '>'   (rule 32)

    INT_CONST	shift, and go to state 210



state 202

    frm_text_common  ->  text '[' frm_arithm ',' frm_arithm ',' frm_arithm ',' frm_arithm ',' frm_color ',' . frm_color ','   (rule 24)

    transparent	shift, and go to state 191
    '<' 	shift, and go to state 192

    frm_color	go to state 211



state 203

    frm_s_bmp  ->  s_bmp '[' frm_arithm ',' frm_arithm ',' frm_arithm ',' frm_arithm ',' IDENTIF ',' . IDENTIF ']'   (rule 36)

    IDENTIF	shift, and go to state 212



state 204

    frm_s_bmp  ->  s_bmp '[' frm_arithm ',' frm_arithm ',' frm_arithm ',' frm_arithm ',' IDENTIF ']' .   (rule 35)

    $default	reduce using rule 35 (frm_s_bmp)



state 205

    frm_rect  ->  rect_keyword '[' frm_arithm ',' frm_arithm ',' frm_arithm ',' frm_arithm ',' frm_color ',' . frm_color ']'   (rule 37)

    transparent	shift, and go to state 191
    '<' 	shift, and go to state 192

    frm_color	go to state 213



state 206

    frm_r_rect  ->  r_rect '[' frm_arithm ',' frm_arithm ',' frm_arithm ',' frm_arithm ',' frm_color ',' . frm_color ']'   (rule 38)

    transparent	shift, and go to state 191
    '<' 	shift, and go to state 192

    frm_color	go to state 214



state 207

    frm_line  ->  line '[' frm_arithm ',' frm_arithm ',' frm_arithm ',' frm_arithm ',' frm_color ']' .   (rule 39)

    $default	reduce using rule 39 (frm_line)



state 208

    frm_ellipse  ->  ellipse '[' frm_arithm ',' frm_arithm ',' frm_arithm ',' frm_arithm ',' frm_color ',' . frm_color ']'   (rule 40)

    transparent	shift, and go to state 191
    '<' 	shift, and go to state 192

    frm_color	go to state 215



state 209

    frm_triang  ->  triang '[' frm_arithm ',' frm_arithm ',' frm_arithm ',' frm_arithm ',' frm_arithm ',' . frm_arithm ',' frm_color ',' frm_color ']'   (rule 41)

    IDENTIF	shift, and go to state 39
    INT_CONST	shift, and go to state 40
    REAL_CONST	shift, and go to state 41
    '(' 	shift, and go to state 47

    frm_arithm	go to state 216



state 210

    frm_color  ->  '<' INT_CONST INT_CONST . INT_CONST '>'   (rule 32)

    INT_CONST	shift, and go to state 217



state 211

    frm_text_common  ->  text '[' frm_arithm ',' frm_arithm ',' frm_arithm ',' frm_arithm ',' frm_color ',' frm_color . ','   (rule 24)

    ',' 	shift, and go to state 218



state 212

    frm_s_bmp  ->  s_bmp '[' frm_arithm ',' frm_arithm ',' frm_arithm ',' frm_arithm ',' IDENTIF ',' IDENTIF . ']'   (rule 36)

    ']' 	shift, and go to state 219



state 213

    frm_rect  ->  rect_keyword '[' frm_arithm ',' frm_arithm ',' frm_arithm ',' frm_arithm ',' frm_color ',' frm_color . ']'   (rule 37)

    ']' 	shift, and go to state 220



state 214

    frm_r_rect  ->  r_rect '[' frm_arithm ',' frm_arithm ',' frm_arithm ',' frm_arithm ',' frm_color ',' frm_color . ']'   (rule 38)

    ']' 	shift, and go to state 221



state 215

    frm_ellipse  ->  ellipse '[' frm_arithm ',' frm_arithm ',' frm_arithm ',' frm_arithm ',' frm_color ',' frm_color . ']'   (rule 40)

    ']' 	shift, and go to state 222



state 216

    frm_triang  ->  triang '[' frm_arithm ',' frm_arithm ',' frm_arithm ',' frm_arithm ',' frm_arithm ',' frm_arithm . ',' frm_color ',' frm_color ']'   (rule 41)
    frm_arithm  ->  frm_arithm . '+' frm_arithm   (rule 53)
    frm_arithm  ->  frm_arithm . '-' frm_arithm   (rule 54)
    frm_arithm  ->  frm_arithm . '*' frm_arithm   (rule 55)
    frm_arithm  ->  frm_arithm . '/' frm_arithm   (rule 56)

    '+' 	shift, and go to state 77
    '-' 	shift, and go to state 78
    '*' 	shift, and go to state 79
    '/' 	shift, and go to state 80
    ',' 	shift, and go to state 223



state 217

    frm_color  ->  '<' INT_CONST INT_CONST INT_CONST . '>'   (rule 32)

    '>' 	shift, and go to state 224



state 218

    frm_text_common  ->  text '[' frm_arithm ',' frm_arithm ',' frm_arithm ',' frm_arithm ',' frm_color ',' frm_color ',' .   (rule 24)

    $default	reduce using rule 24 (frm_text_common)



state 219

    frm_s_bmp  ->  s_bmp '[' frm_arithm ',' frm_arithm ',' frm_arithm ',' frm_arithm ',' IDENTIF ',' IDENTIF ']' .   (rule 36)

    $default	reduce using rule 36 (frm_s_bmp)



state 220

    frm_rect  ->  rect_keyword '[' frm_arithm ',' frm_arithm ',' frm_arithm ',' frm_arithm ',' frm_color ',' frm_color ']' .   (rule 37)

    $default	reduce using rule 37 (frm_rect)



state 221

    frm_r_rect  ->  r_rect '[' frm_arithm ',' frm_arithm ',' frm_arithm ',' frm_arithm ',' frm_color ',' frm_color ']' .   (rule 38)

    $default	reduce using rule 38 (frm_r_rect)



state 222

    frm_ellipse  ->  ellipse '[' frm_arithm ',' frm_arithm ',' frm_arithm ',' frm_arithm ',' frm_color ',' frm_color ']' .   (rule 40)

    $default	reduce using rule 40 (frm_ellipse)



state 223

    frm_triang  ->  triang '[' frm_arithm ',' frm_arithm ',' frm_arithm ',' frm_arithm ',' frm_arithm ',' frm_arithm ',' . frm_color ',' frm_color ']'   (rule 41)

    transparent	shift, and go to state 191
    '<' 	shift, and go to state 192

    frm_color	go to state 225



state 224

    frm_color  ->  '<' INT_CONST INT_CONST INT_CONST '>' .   (rule 32)

    $default	reduce using rule 32 (frm_color)



state 225

    frm_triang  ->  triang '[' frm_arithm ',' frm_arithm ',' frm_arithm ',' frm_arithm ',' frm_arithm ',' frm_arithm ',' frm_color . ',' frm_color ']'   (rule 41)

    ',' 	shift, and go to state 226



state 226

    frm_triang  ->  triang '[' frm_arithm ',' frm_arithm ',' frm_arithm ',' frm_arithm ',' frm_arithm ',' frm_arithm ',' frm_color ',' . frm_color ']'   (rule 41)

    transparent	shift, and go to state 191
    '<' 	shift, and go to state 192

    frm_color	go to state 227



state 227

    frm_triang  ->  triang '[' frm_arithm ',' frm_arithm ',' frm_arithm ',' frm_arithm ',' frm_arithm ',' frm_arithm ',' frm_color ',' frm_color . ']'   (rule 41)

    ']' 	shift, and go to state 228



state 228

    frm_triang  ->  triang '[' frm_arithm ',' frm_arithm ',' frm_arithm ',' frm_arithm ',' frm_arithm ',' frm_arithm ',' frm_color ',' frm_color ']' .   (rule 41)

    $default	reduce using rule 41 (frm_triang)



state 229

    $   	go to state 230



state 230

    $default	accept


